13:26:10.895 [main                     ] DEBUG Logger               - Configured Logger
13:26:10.984 [main                     ] DEBUG GameApplication      - Logging settings
Title: Untitled
Version: 0.0
Width: 800
Height: 600
Fullscreen: false
Intro: false
Profiling: false
Single step:false
App Mode: DEVELOPER
Menu Key: ESCAPE
Stage Style: DECORATED
Scene Factory: class com.game.projectoop.App$1

13:26:11.783 [JavaFX Application Thread] DEBUG FXGLApplication      - Initializing FXGL
13:26:11.801 [JavaFX Application Thread] INFO  Engine               - FXGL-17.2 (20.08.2022 16.50) on WINDOWS (J:17.0.6 FX:17.0.2-ea)
13:26:11.802 [JavaFX Application Thread] DEBUG Engine               - JRE Vendor Name: Oracle Corporation
13:26:11.803 [JavaFX Application Thread] DEBUG Engine               - Running on OS: Windows 10 version 10.0
13:26:11.803 [JavaFX Application Thread] DEBUG Engine               - Architecture: amd64
13:26:11.804 [JavaFX Application Thread] INFO  Engine               - Source code and latest versions at: https://github.com/AlmasB/FXGL
13:26:11.805 [JavaFX Application Thread] INFO  Engine               -       Ask questions and discuss at: https://github.com/AlmasB/FXGL/discussions
13:26:11.805 [JavaFX Application Thread] INFO  Engine               -              Join the FXGL chat at: https://gitter.im/AlmasB/FXGL
13:26:12.016 [JavaFX Application Thread] DEBUG PrimaryStageWindow   - Creating a JavaFX scene
13:26:12.109 [JavaFX Application Thread] DEBUG PrimaryStageWindow   - Target settings size: 800.0 x 600.0
13:26:12.110 [JavaFX Application Thread] DEBUG PrimaryStageWindow   - Scaled scene size:    800.0 x 600.0
13:26:12.111 [JavaFX Application Thread] DEBUG PrimaryStageWindow   - Scaled ratio: (1.0, 1.0)
13:26:12.114 [JavaFX Application Thread] DEBUG PrimaryStageWindow   - Set initial scene to FXGLStartupScene
13:26:12.128 [JavaFX Application Thread] DEBUG PrimaryStageWindow   - Opening main window
13:26:12.322 [JavaFX Application Thread] DEBUG PrimaryStageWindow   - Window border size: (14.4000244140625, 37.5999755859375)
13:26:12.323 [JavaFX Application Thread] DEBUG PrimaryStageWindow   - Scaled size: 800.0 x 600.0
13:26:12.324 [JavaFX Application Thread] DEBUG PrimaryStageWindow   - Scaled ratio: (1.0, 1.0)
13:26:12.326 [JavaFX Application Thread] DEBUG PrimaryStageWindow   - Scene size: 800.0 x 600.0
13:26:12.327 [JavaFX Application Thread] DEBUG PrimaryStageWindow   - Stage size: 814.4000244140625 x 637.5999755859375
13:26:12.350 [FXGL Background Thread 1 ] DEBUG Engine               - Initializing environment variables
13:26:12.444 [FXGL Background Thread 1 ] DEBUG FXGLAssetLoaderServi - User app class for loading assets: class com.game.projectoop.App
13:26:12.445 [FXGL Background Thread 1 ] DEBUG GameApplicationServi - Applying CSS: fxgl_dark.css
13:26:12.447 [FXGL Background Thread 1 ] DEBUG FXGLAssetLoaderServi - Loading from file system: jar:file:///C:/Users/Daniele%20Teli/.gradle/caches/modules-2/files-2.1/com.github.almasb/fxgl/17.2/35db6ae960eec2dcfd19262d3b7f9c42f0e95bc3/fxgl-17.2.jar!/fxglassets/ui/css/fxgl_dark.css
13:26:12.540 [FXGL Background Thread 1 ] DEBUG GameApplicationServi - Initializing application scenes
13:26:12.647 [FXGL Background Thread 1 ] DEBUG GameWorld            - Game world initialized
13:26:12.791 [FXGL Background Thread 1 ] DEBUG PhysicsWorld         - Physics world initialized: appHeight=600, physics.ppm=50.0
13:26:12.792 [FXGL Background Thread 1 ] DEBUG PhysicsWorld         - Using strategy: BRUTE_FORCE
13:26:12.802 [FXGL Background Thread 1 ] DEBUG GameScene            - Game scene initialized: 800x600
13:26:12.828 [FXGL Background Thread 1 ] DEBUG FXGL.DefaultMenu     - createMenuBodyGameMenu()
13:26:12.879 [FXGL Background Thread 1 ] DEBUG FXGL.DefaultMenu     - createOptionsMenu()
13:26:12.911 [FXGL Background Thread 1 ] DEBUG FXGLAssetLoaderServi - Loading from file system: jar:file:///C:/Users/Daniele%20Teli/.gradle/caches/modules-2/files-2.1/com.github.almasb/fxgl/17.2/35db6ae960eec2dcfd19262d3b7f9c42f0e95bc3/fxgl-17.2.jar!/fxglassets/textures/particles/smoke.png
13:26:13.098 [FXGL Background Thread 1 ] DEBUG FXGLAssetLoaderServi - Loading from file system: jar:file:///C:/Users/Daniele%20Teli/.gradle/caches/modules-2/files-2.1/com.github.almasb/fxgl/17.2/35db6ae960eec2dcfd19262d3b7f9c42f0e95bc3/fxgl-17.2.jar!/fxglassets/textures/particles/trace_horizontal.png
13:26:13.143 [FXGL Background Thread 1 ] DEBUG GameApplicationServi - Application scenes initialized
13:26:13.172 [FXGL Background Thread 1 ] DEBUG SystemBundleService  - Loading FXGL system data
13:26:13.183 [FXGL Background Thread 1 ] DEBUG FileSystemAccess     - Reading from: C:\Users\Daniele Teli\Documents\ProjectOOP\system\fxgl.bundle
13:26:13.201 [FXGL Background Thread 1 ] DEBUG SystemBundleService  - Bundle FXGL: {}
13:26:13.201 [FXGL Background Thread 1 ] DEBUG UpdaterService       - Checking for updates
13:26:13.209 [FXGL Background Thread 4 ] DEBUG FXGLApplication      - Loading fonts
13:26:13.209 [FXGL Background Thread 4 ] DEBUG FXGLAssetLoaderServi - Loading from file system: jar:file:///C:/Users/Daniele%20Teli/.gradle/caches/modules-2/files-2.1/com.github.almasb/fxgl/17.2/35db6ae960eec2dcfd19262d3b7f9c42f0e95bc3/fxgl-17.2.jar!/fxglassets/ui/fonts/VarelaRound-Regular.ttf
13:26:13.210 [FXGL Background Thread 1 ] DEBUG FXGLApplication      - Loading default localization
13:26:13.211 [FXGL Background Thread 1 ] DEBUG FXGLAssetLoaderServi - Loading from file system: jar:file:///C:/Users/Daniele%20Teli/.gradle/caches/modules-2/files-2.1/com.github.almasb/fxgl/17.2/35db6ae960eec2dcfd19262d3b7f9c42f0e95bc3/fxgl-17.2.jar!/fxglassets/languages/english.lang
13:26:13.249 [FXGL Background Thread 1 ] INFO  FXGLApplication      - FXGL initialization took: 0.899 sec
13:26:13.251 [JavaFX Application Thread] DEBUG FXGLAssetLoaderServi - Loading from file system: jar:file:///C:/Users/Daniele%20Teli/.gradle/caches/modules-2/files-2.1/com.github.almasb/fxgl/17.2/35db6ae960eec2dcfd19262d3b7f9c42f0e95bc3/fxgl-17.2.jar!/fxglassets/textures/fxgl_icon.png
13:26:13.288 [JavaFX Application Thread] DEBUG FXGLAssetLoaderServi - Loading from file system: jar:file:///C:/Users/Daniele%20Teli/.gradle/caches/modules-2/files-2.1/com.github.almasb/fxgl/17.2/35db6ae960eec2dcfd19262d3b7f9c42f0e95bc3/fxgl-17.2.jar!/fxglassets/textures/fxgl_default_cursor.png
13:26:13.314 [JavaFX Application Thread] DEBUG Input                - Registered new binding: Screenshot - CTRL+8
13:26:13.315 [JavaFX Application Thread] DEBUG Input                - Registered new binding: System info dump - CTRL+9
13:26:13.316 [JavaFX Application Thread] DEBUG Input                - Registered new binding: Restart - CTRL+R
13:26:13.317 [JavaFX Application Thread] DEBUG Input                - Registered new binding: Toggle Debug Camera - CTRL+7
13:26:13.321 [JavaFX Application Thread] DEBUG LoopRunner           - Starting loop
13:26:13.321 [JavaFX Application Thread] DEBUG LoopRunner           - Initializing JavaFX AnimationTimerLoop
13:26:13.323 [JavaFX Application Thread] DEBUG GameApplicationServi - Starting new game
13:26:13.324 [JavaFX Application Thread] DEBUG Input                - Clearing active input actions
13:26:13.336 [JavaFX Application Thread] DEBUG GameApplicationServi - Removing overlay from FXGLStartupScene and adding to MainLoadingScene
13:26:13.337 [JavaFX Application Thread] DEBUG PrimaryStageWindow   - FXGLStartupScene -> MainLoadingScene
13:26:13.337 [JavaFX Application Thread] DEBUG GameApplicationServi - Clearing previous game
13:26:13.337 [JavaFX Application Thread] DEBUG GameScene            - Clearing game scene
13:26:13.337 [JavaFX Application Thread] DEBUG GameWorld            - Clearing game world
13:26:13.337 [JavaFX Application Thread] DEBUG PhysicsWorld         - Clearing physics world
13:26:13.340 [FXGL Background Thread 1 ] DEBUG FXGLApplication      - Initializing game
13:26:13.354 [FXGL Background Thread 1 ] WARN  FXGLAssetLoaderServi - Asset "/assets/textures/background/forest.png" was not found!
13:26:13.355 [FXGL Background Thread 1 ] WARN  FXGLAssetLoaderServi - Failed to load IMAGE
13:26:13.442 [FXGL Background Thread 4 ] DEBUG FXGLAssetLoaderServi - Loading from file system: jar:file:///C:/Users/Daniele%20Teli/.gradle/caches/modules-2/files-2.1/com.github.almasb/fxgl/17.2/35db6ae960eec2dcfd19262d3b7f9c42f0e95bc3/fxgl-17.2.jar!/fxglassets/ui/fonts/Abel-Regular.ttf
13:26:13.449 [FXGL Background Thread 4 ] DEBUG FXGLAssetLoaderServi - Loading from file system: jar:file:///C:/Users/Daniele%20Teli/.gradle/caches/modules-2/files-2.1/com.github.almasb/fxgl/17.2/35db6ae960eec2dcfd19262d3b7f9c42f0e95bc3/fxgl-17.2.jar!/fxglassets/ui/fonts/TerminalLandMono-Regular.otf
13:26:13.456 [FXGL Background Thread 4 ] DEBUG FXGLAssetLoaderServi - Loading from file system: jar:file:///C:/Users/Daniele%20Teli/.gradle/caches/modules-2/files-2.1/com.github.almasb/fxgl/17.2/35db6ae960eec2dcfd19262d3b7f9c42f0e95bc3/fxgl-17.2.jar!/fxglassets/ui/fonts/Courier-Prime.ttf
13:26:13.478 [JavaFX Application Thread] DEBUG FXGLApplication      - Registering font factories with UI factory
13:26:13.715 [FXGL Background Thread 2 ] INFO  UpdaterService       - Your current version:  17.2
13:26:13.716 [FXGL Background Thread 2 ] INFO  UpdaterService       - Latest stable version: 17.3
13:26:16.207 [FXGL Background Thread 3 ] DEBUG Engine               - Logging environment variables
13:26:16.208 [FXGL Background Thread 3 ] DEBUG Engine               - achievements: []
13:26:16.209 [FXGL Background Thread 3 ] DEBUG Engine               - actualHeight: 600.0
13:26:16.209 [FXGL Background Thread 3 ] DEBUG Engine               - actualHeightProperty: ReadOnlyDoubleProperty [value: 600.0]
13:26:16.210 [FXGL Background Thread 3 ] DEBUG Engine               - actualWidth: 800.0
13:26:16.210 [FXGL Background Thread 3 ] DEBUG Engine               - actualWidthProperty: ReadOnlyDoubleProperty [value: 800.0]
13:26:16.210 [FXGL Background Thread 3 ] DEBUG Engine               - appIcon: fxgl_icon.png
13:26:16.210 [FXGL Background Thread 3 ] DEBUG Engine               - applicationMode: DEVELOPER
13:26:16.211 [FXGL Background Thread 3 ] DEBUG Engine               - cSSList: [fxgl_dark.css]
13:26:16.211 [FXGL Background Thread 3 ] DEBUG Engine               - collisionDetectionStrategy: BRUTE_FORCE
13:26:16.211 [FXGL Background Thread 3 ] DEBUG Engine               - configClass: Optional.empty
13:26:16.211 [FXGL Background Thread 3 ] DEBUG Engine               - credits: []
13:26:16.213 [FXGL Background Thread 3 ] DEBUG Engine               - defaultCursor: CursorInfo(imageName=fxgl_default_cursor.png, hotspotX=7.0, hotspotY=6.0)
13:26:16.214 [FXGL Background Thread 3 ] DEBUG Engine               - devBBoxColorProperty: ObjectProperty [value: 0xff0000ff]
13:26:16.214 [FXGL Background Thread 3 ] DEBUG Engine               - devEnableDebugCameraProperty: BooleanProperty [value: false]
13:26:16.214 [FXGL Background Thread 3 ] DEBUG Engine               - devSensorColorProperty: ObjectProperty [value: 0xffff00ff]
13:26:16.215 [FXGL Background Thread 3 ] DEBUG Engine               - devShowBBoxProperty: BooleanProperty [value: false]
13:26:16.215 [FXGL Background Thread 3 ] DEBUG Engine               - devShowPositionProperty: BooleanProperty [value: false]
13:26:16.215 [FXGL Background Thread 3 ] DEBUG Engine               - enabledMenuItems: []
13:26:16.216 [FXGL Background Thread 3 ] DEBUG Engine               - engineServices: [class com.almasb.fxgl.app.services.FXGLAssetLoaderService, class com.almasb.fxgl.app.FXGLApplication$GameApplicationService, class com.almasb.fxgl.app.services.FXGLDialogService, class com.almasb.fxgl.app.services.IOTaskExecutorService, class com.almasb.fxgl.io.FileSystemService, class com.almasb.fxgl.localization.LocalizationService, class com.almasb.fxgl.app.services.SystemBundleService, class com.almasb.fxgl.profile.SaveLoadService, class com.almasb.fxgl.ui.FXGLUIFactoryServiceProvider, class com.almasb.fxgl.ui.FXGLDialogFactoryServiceProvider, class com.almasb.fxgl.audio.AudioPlayer, class com.almasb.fxgl.notification.impl.NotificationServiceProvider, class com.almasb.fxgl.achievement.AchievementService, class com.almasb.fxgl.cutscene.CutsceneService, class com.almasb.fxgl.minigames.MiniGameService, class com.almasb.fxgl.net.NetService, class com.almasb.fxgl.app.services.UpdaterService, class com.almasb.fxgl.dev.DevService]
13:26:16.216 [FXGL Background Thread 3 ] DEBUG Engine               - fontGame: Abel-Regular.ttf
13:26:16.216 [FXGL Background Thread 3 ] DEBUG Engine               - fontMono: TerminalLandMono-Regular.otf
13:26:16.216 [FXGL Background Thread 3 ] DEBUG Engine               - fontText: Courier-Prime.ttf
13:26:16.216 [FXGL Background Thread 3 ] DEBUG Engine               - fontUI: VarelaRound-Regular.ttf
13:26:16.217 [FXGL Background Thread 3 ] DEBUG Engine               - fullScreen: BooleanProperty [value: false]
13:26:16.217 [FXGL Background Thread 3 ] DEBUG Engine               - gameDifficulty: MEDIUM
13:26:16.217 [FXGL Background Thread 3 ] DEBUG Engine               - gameDifficultyProperty: ObjectProperty [value: MEDIUM]
13:26:16.218 [FXGL Background Thread 3 ] DEBUG Engine               - globalMusicVolume: 0.5
13:26:16.218 [FXGL Background Thread 3 ] DEBUG Engine               - globalMusicVolumeProperty: DoubleProperty [value: 0.5]
13:26:16.218 [FXGL Background Thread 3 ] DEBUG Engine               - globalSoundVolume: 0.5
13:26:16.219 [FXGL Background Thread 3 ] DEBUG Engine               - globalSoundVolumeProperty: DoubleProperty [value: 0.5]
13:26:16.219 [FXGL Background Thread 3 ] DEBUG Engine               - height: 600
13:26:16.219 [FXGL Background Thread 3 ] DEBUG Engine               - is3D: false
13:26:16.219 [FXGL Background Thread 3 ] DEBUG Engine               - isAndroid: false
13:26:16.220 [FXGL Background Thread 3 ] DEBUG Engine               - isBrowser: false
13:26:16.220 [FXGL Background Thread 3 ] DEBUG Engine               - isClickFeedbackEnabled: false
13:26:16.220 [FXGL Background Thread 3 ] DEBUG Engine               - isCloseConfirmation: false
13:26:16.220 [FXGL Background Thread 3 ] DEBUG Engine               - isDesktop: true
13:26:16.221 [FXGL Background Thread 3 ] DEBUG Engine               - isDeveloperMenuEnabled: false
13:26:16.221 [FXGL Background Thread 3 ] DEBUG Engine               - isEmbedded: false
13:26:16.221 [FXGL Background Thread 3 ] DEBUG Engine               - isEntityPreloadEnabled: true
13:26:16.221 [FXGL Background Thread 3 ] DEBUG Engine               - isExperimentalTiledLargeMap: false
13:26:16.222 [FXGL Background Thread 3 ] DEBUG Engine               - isFileSystemWriteAllowed: true
13:26:16.222 [FXGL Background Thread 3 ] DEBUG Engine               - isFullScreenAllowed: false
13:26:16.222 [FXGL Background Thread 3 ] DEBUG Engine               - isFullScreenFromStart: false
13:26:16.222 [FXGL Background Thread 3 ] DEBUG Engine               - isGameMenuEnabled: true
13:26:16.222 [FXGL Background Thread 3 ] DEBUG Engine               - isIOS: false
13:26:16.223 [FXGL Background Thread 3 ] DEBUG Engine               - isIntroEnabled: false
13:26:16.223 [FXGL Background Thread 3 ] DEBUG Engine               - isLinux: false
13:26:16.223 [FXGL Background Thread 3 ] DEBUG Engine               - isMac: false
13:26:16.223 [FXGL Background Thread 3 ] DEBUG Engine               - isMainMenuEnabled: false
13:26:16.224 [FXGL Background Thread 3 ] DEBUG Engine               - isManualResizeEnabled: false
13:26:16.224 [FXGL Background Thread 3 ] DEBUG Engine               - isMobile: false
13:26:16.224 [FXGL Background Thread 3 ] DEBUG Engine               - isNative: false
13:26:16.224 [FXGL Background Thread 3 ] DEBUG Engine               - isPauseMusicWhenMinimized: true
13:26:16.225 [FXGL Background Thread 3 ] DEBUG Engine               - isPreserveResizeRatio: false
13:26:16.225 [FXGL Background Thread 3 ] DEBUG Engine               - isProfilingEnabled: false
13:26:16.225 [FXGL Background Thread 3 ] DEBUG Engine               - isScaleAffectedOnResize: true
13:26:16.225 [FXGL Background Thread 3 ] DEBUG Engine               - isSingleStep: false
13:26:16.226 [FXGL Background Thread 3 ] DEBUG Engine               - isUserProfileEnabled: false
13:26:16.226 [FXGL Background Thread 3 ] DEBUG Engine               - isWindows: true
13:26:16.226 [FXGL Background Thread 3 ] DEBUG Engine               - language: ObjectProperty [value: ENGLISH]
13:26:16.227 [FXGL Background Thread 3 ] DEBUG Engine               - menuKey: ESCAPE
13:26:16.227 [FXGL Background Thread 3 ] DEBUG Engine               - mouseSensitivity: 0.2
13:26:16.227 [FXGL Background Thread 3 ] DEBUG Engine               - notificationViewClass: class com.almasb.fxgl.notification.view.XboxNotificationView
13:26:16.227 [FXGL Background Thread 3 ] DEBUG Engine               - pixelsPerMeter: 50.0
13:26:16.227 [FXGL Background Thread 3 ] DEBUG Engine               - platform: WINDOWS
13:26:16.228 [FXGL Background Thread 3 ] DEBUG Engine               - prefHeightProperty: ReadOnlyDoubleProperty [value: 600.0]
13:26:16.228 [FXGL Background Thread 3 ] DEBUG Engine               - prefWidthProperty: ReadOnlyDoubleProperty [value: 800.0]
13:26:16.228 [FXGL Background Thread 3 ] DEBUG Engine               - profileDir: profiles/
13:26:16.229 [FXGL Background Thread 3 ] DEBUG Engine               - profileName: StringProperty [value: DEFAULT]
13:26:16.229 [FXGL Background Thread 3 ] DEBUG Engine               - randomSeed: -1
13:26:16.230 [FXGL Background Thread 3 ] DEBUG Engine               - runtimeInfo: RuntimeInfo(platform=WINDOWS, version=17.2, build=20.08.2022 16.50)
13:26:16.230 [FXGL Background Thread 3 ] DEBUG Engine               - saveFileExt: sav
13:26:16.231 [FXGL Background Thread 3 ] DEBUG Engine               - scaledHeightProp$fxgl: DoubleProperty [bound, value: 600.0]
13:26:16.231 [FXGL Background Thread 3 ] DEBUG Engine               - scaledWidthProp$fxgl: DoubleProperty [bound, value: 800.0]
13:26:16.231 [FXGL Background Thread 3 ] DEBUG Engine               - sceneFactory: com.game.projectoop.App$1@3e30aa8f
13:26:16.231 [FXGL Background Thread 3 ] DEBUG Engine               - secondsIn24h: 60
13:26:16.231 [FXGL Background Thread 3 ] DEBUG Engine               - soundMenuBack: menu/back.wav
13:26:16.232 [FXGL Background Thread 3 ] DEBUG Engine               - soundMenuPress: menu/press.wav
13:26:16.232 [FXGL Background Thread 3 ] DEBUG Engine               - soundMenuSelect: menu/select.wav
13:26:16.232 [FXGL Background Thread 3 ] DEBUG Engine               - soundNotification: core/notification.wav
13:26:16.232 [FXGL Background Thread 3 ] DEBUG Engine               - stageStyle: DECORATED
13:26:16.232 [FXGL Background Thread 3 ] DEBUG Engine               - supportedLanguages: [ENGLISH, FRENCH, GERMAN, HUNGARIAN, RUSSIAN]
13:26:16.233 [FXGL Background Thread 3 ] DEBUG Engine               - ticksPerSecond: -1
13:26:16.233 [FXGL Background Thread 3 ] DEBUG Engine               - title: Untitled
13:26:16.233 [FXGL Background Thread 3 ] DEBUG Engine               - urlGithub: https://github.com/AlmasB/FXGL
13:26:16.233 [FXGL Background Thread 3 ] DEBUG Engine               - urlLeaderboard: http://fxgl-top.herokuapp.com/
13:26:16.233 [FXGL Background Thread 3 ] DEBUG Engine               - urlPOM: https://raw.githubusercontent.com/AlmasB/FXGL/release/README.md
13:26:16.233 [FXGL Background Thread 3 ] DEBUG Engine               - userAppClass: class com.game.projectoop.App
13:26:16.234 [FXGL Background Thread 3 ] DEBUG Engine               - version: 0.0
13:26:16.234 [FXGL Background Thread 3 ] DEBUG Engine               - versionCheckDays: 7
13:26:16.234 [FXGL Background Thread 3 ] DEBUG Engine               - width: 800
13:26:16.234 [FXGL Background Thread 3 ] DEBUG Engine               - Logging services
13:26:16.234 [FXGL Background Thread 3 ] DEBUG Engine               - class com.almasb.fxgl.app.services.FXGLAssetLoaderService
13:26:16.234 [FXGL Background Thread 3 ] DEBUG Engine               - class com.almasb.fxgl.app.FXGLApplication$GameApplicationService
13:26:16.235 [FXGL Background Thread 3 ] DEBUG Engine               - class com.almasb.fxgl.app.services.FXGLDialogService
13:26:16.235 [FXGL Background Thread 3 ] DEBUG Engine               - class com.almasb.fxgl.app.services.IOTaskExecutorService
13:26:16.235 [FXGL Background Thread 3 ] DEBUG Engine               - class com.almasb.fxgl.io.FileSystemService
13:26:16.235 [FXGL Background Thread 3 ] DEBUG Engine               - class com.almasb.fxgl.localization.LocalizationService
13:26:16.235 [FXGL Background Thread 3 ] DEBUG Engine               - class com.almasb.fxgl.app.services.SystemBundleService
13:26:16.236 [FXGL Background Thread 3 ] DEBUG Engine               - class com.almasb.fxgl.profile.SaveLoadService
13:26:16.236 [FXGL Background Thread 3 ] DEBUG Engine               - class com.almasb.fxgl.ui.FXGLUIFactoryServiceProvider
13:26:16.236 [FXGL Background Thread 3 ] DEBUG Engine               - class com.almasb.fxgl.ui.FXGLDialogFactoryServiceProvider
13:26:16.236 [FXGL Background Thread 3 ] DEBUG Engine               - class com.almasb.fxgl.audio.AudioPlayer
13:26:16.236 [FXGL Background Thread 3 ] DEBUG Engine               - class com.almasb.fxgl.notification.impl.NotificationServiceProvider
13:26:16.237 [FXGL Background Thread 3 ] DEBUG Engine               - class com.almasb.fxgl.achievement.AchievementService
13:26:16.237 [FXGL Background Thread 3 ] DEBUG Engine               - class com.almasb.fxgl.cutscene.CutsceneService
13:26:16.237 [FXGL Background Thread 3 ] DEBUG Engine               - class com.almasb.fxgl.minigames.MiniGameService
13:26:16.237 [FXGL Background Thread 3 ] DEBUG Engine               - class com.almasb.fxgl.net.NetService
13:26:16.237 [FXGL Background Thread 3 ] DEBUG Engine               - class com.almasb.fxgl.app.services.UpdaterService
13:26:16.237 [FXGL Background Thread 3 ] DEBUG Engine               - class com.almasb.fxgl.dev.DevService
13:26:22.144 [JavaFX Application Thread] DEBUG FXGLApplication      - Exiting FXGL
13:26:22.144 [JavaFX Application Thread] DEBUG LoopRunner           - Stopping loop
13:26:22.144 [JavaFX Application Thread] DEBUG SystemBundleService  - Saving FXGL system data
13:26:22.149 [JavaFX Application Thread] DEBUG FileSystemAccess     - Writing to: C:\Users\Daniele Teli\Documents\ProjectOOP\system\fxgl.bundle
13:26:22.153 [JavaFX Application Thread] DEBUG Async                - Shutting down background threads
13:26:22.153 [JavaFX Application Thread] DEBUG PrimaryStageWindow   - Closing main window
13:26:22.185 [JavaFX Application Thread] DEBUG Logger               - Closing Logger
