13:29:22.478 [main                     ] DEBUG Logger               - Configured Logger
13:29:22.540 [main                     ] DEBUG GameApplication      - Logging settings
Title: Untitled
Version: 0.0
Width: 800
Height: 600
Fullscreen: false
Intro: false
Profiling: false
Single step:false
App Mode: DEVELOPER
Menu Key: ESCAPE
Stage Style: DECORATED
Scene Factory: class com.game.projectoop.App$1

13:29:23.345 [JavaFX Application Thread] DEBUG FXGLApplication      - Initializing FXGL
13:29:23.365 [JavaFX Application Thread] INFO  Engine               - FXGL-17.2 (20.08.2022 16.50) on WINDOWS (J:17.0.6 FX:17.0.2-ea)
13:29:23.366 [JavaFX Application Thread] DEBUG Engine               - JRE Vendor Name: Oracle Corporation
13:29:23.366 [JavaFX Application Thread] DEBUG Engine               - Running on OS: Windows 10 version 10.0
13:29:23.367 [JavaFX Application Thread] DEBUG Engine               - Architecture: amd64
13:29:23.367 [JavaFX Application Thread] INFO  Engine               - Source code and latest versions at: https://github.com/AlmasB/FXGL
13:29:23.368 [JavaFX Application Thread] INFO  Engine               -       Ask questions and discuss at: https://github.com/AlmasB/FXGL/discussions
13:29:23.368 [JavaFX Application Thread] INFO  Engine               -              Join the FXGL chat at: https://gitter.im/AlmasB/FXGL
13:29:23.562 [JavaFX Application Thread] DEBUG PrimaryStageWindow   - Creating a JavaFX scene
13:29:23.652 [JavaFX Application Thread] DEBUG PrimaryStageWindow   - Target settings size: 800.0 x 600.0
13:29:23.653 [JavaFX Application Thread] DEBUG PrimaryStageWindow   - Scaled scene size:    800.0 x 600.0
13:29:23.654 [JavaFX Application Thread] DEBUG PrimaryStageWindow   - Scaled ratio: (1.0, 1.0)
13:29:23.656 [JavaFX Application Thread] DEBUG PrimaryStageWindow   - Set initial scene to FXGLStartupScene
13:29:23.669 [JavaFX Application Thread] DEBUG PrimaryStageWindow   - Opening main window
13:29:23.847 [JavaFX Application Thread] DEBUG PrimaryStageWindow   - Window border size: (14.4000244140625, 37.5999755859375)
13:29:23.848 [JavaFX Application Thread] DEBUG PrimaryStageWindow   - Scaled size: 800.0 x 600.0
13:29:23.849 [JavaFX Application Thread] DEBUG PrimaryStageWindow   - Scaled ratio: (1.0, 1.0)
13:29:23.850 [JavaFX Application Thread] DEBUG PrimaryStageWindow   - Scene size: 800.0 x 600.0
13:29:23.851 [JavaFX Application Thread] DEBUG PrimaryStageWindow   - Stage size: 814.4000244140625 x 637.5999755859375
13:29:23.868 [FXGL Background Thread 1 ] DEBUG Engine               - Initializing environment variables
13:29:23.958 [FXGL Background Thread 1 ] DEBUG FXGLAssetLoaderServi - User app class for loading assets: class com.game.projectoop.App
13:29:23.959 [FXGL Background Thread 1 ] DEBUG GameApplicationServi - Applying CSS: fxgl_dark.css
13:29:23.961 [FXGL Background Thread 1 ] DEBUG FXGLAssetLoaderServi - Loading from file system: jar:file:///C:/Users/Daniele%20Teli/.gradle/caches/modules-2/files-2.1/com.github.almasb/fxgl/17.2/35db6ae960eec2dcfd19262d3b7f9c42f0e95bc3/fxgl-17.2.jar!/fxglassets/ui/css/fxgl_dark.css
13:29:24.090 [FXGL Background Thread 1 ] DEBUG GameApplicationServi - Initializing application scenes
13:29:24.211 [FXGL Background Thread 1 ] DEBUG GameWorld            - Game world initialized
13:29:24.336 [FXGL Background Thread 1 ] DEBUG PhysicsWorld         - Physics world initialized: appHeight=600, physics.ppm=50.0
13:29:24.337 [FXGL Background Thread 1 ] DEBUG PhysicsWorld         - Using strategy: BRUTE_FORCE
13:29:24.347 [FXGL Background Thread 1 ] DEBUG GameScene            - Game scene initialized: 800x600
13:29:24.369 [FXGL Background Thread 1 ] DEBUG FXGL.DefaultMenu     - createMenuBodyGameMenu()
13:29:24.429 [FXGL Background Thread 1 ] DEBUG FXGL.DefaultMenu     - createOptionsMenu()
13:29:24.480 [FXGL Background Thread 1 ] DEBUG FXGLAssetLoaderServi - Loading from file system: jar:file:///C:/Users/Daniele%20Teli/.gradle/caches/modules-2/files-2.1/com.github.almasb/fxgl/17.2/35db6ae960eec2dcfd19262d3b7f9c42f0e95bc3/fxgl-17.2.jar!/fxglassets/textures/particles/smoke.png
13:29:24.733 [FXGL Background Thread 1 ] DEBUG FXGLAssetLoaderServi - Loading from file system: jar:file:///C:/Users/Daniele%20Teli/.gradle/caches/modules-2/files-2.1/com.github.almasb/fxgl/17.2/35db6ae960eec2dcfd19262d3b7f9c42f0e95bc3/fxgl-17.2.jar!/fxglassets/textures/particles/trace_horizontal.png
13:29:24.791 [FXGL Background Thread 1 ] DEBUG GameApplicationServi - Application scenes initialized
13:29:24.826 [FXGL Background Thread 1 ] DEBUG SystemBundleService  - Loading FXGL system data
13:29:24.837 [FXGL Background Thread 1 ] DEBUG FileSystemAccess     - Reading from: C:\Users\Daniele Teli\Documents\ProjectOOP\system\fxgl.bundle
13:29:24.855 [FXGL Background Thread 1 ] DEBUG SystemBundleService  - Bundle FXGL: {}
13:29:24.855 [FXGL Background Thread 1 ] DEBUG UpdaterService       - Checking for updates
13:29:24.864 [FXGL Background Thread 4 ] DEBUG FXGLApplication      - Loading fonts
13:29:24.864 [FXGL Background Thread 4 ] DEBUG FXGLAssetLoaderServi - Loading from file system: jar:file:///C:/Users/Daniele%20Teli/.gradle/caches/modules-2/files-2.1/com.github.almasb/fxgl/17.2/35db6ae960eec2dcfd19262d3b7f9c42f0e95bc3/fxgl-17.2.jar!/fxglassets/ui/fonts/VarelaRound-Regular.ttf
13:29:24.865 [FXGL Background Thread 1 ] DEBUG FXGLApplication      - Loading default localization
13:29:24.866 [FXGL Background Thread 1 ] DEBUG FXGLAssetLoaderServi - Loading from file system: jar:file:///C:/Users/Daniele%20Teli/.gradle/caches/modules-2/files-2.1/com.github.almasb/fxgl/17.2/35db6ae960eec2dcfd19262d3b7f9c42f0e95bc3/fxgl-17.2.jar!/fxglassets/languages/english.lang
13:29:24.907 [FXGL Background Thread 1 ] INFO  FXGLApplication      - FXGL initialization took: 1.039 sec
13:29:24.909 [JavaFX Application Thread] DEBUG FXGLAssetLoaderServi - Loading from file system: jar:file:///C:/Users/Daniele%20Teli/.gradle/caches/modules-2/files-2.1/com.github.almasb/fxgl/17.2/35db6ae960eec2dcfd19262d3b7f9c42f0e95bc3/fxgl-17.2.jar!/fxglassets/textures/fxgl_icon.png
13:29:24.945 [JavaFX Application Thread] DEBUG FXGLAssetLoaderServi - Loading from file system: jar:file:///C:/Users/Daniele%20Teli/.gradle/caches/modules-2/files-2.1/com.github.almasb/fxgl/17.2/35db6ae960eec2dcfd19262d3b7f9c42f0e95bc3/fxgl-17.2.jar!/fxglassets/textures/fxgl_default_cursor.png
13:29:24.968 [JavaFX Application Thread] DEBUG Input                - Registered new binding: Screenshot - CTRL+8
13:29:24.969 [JavaFX Application Thread] DEBUG Input                - Registered new binding: System info dump - CTRL+9
13:29:24.970 [JavaFX Application Thread] DEBUG Input                - Registered new binding: Restart - CTRL+R
13:29:24.972 [JavaFX Application Thread] DEBUG Input                - Registered new binding: Toggle Debug Camera - CTRL+7
13:29:24.979 [JavaFX Application Thread] DEBUG LoopRunner           - Starting loop
13:29:24.980 [JavaFX Application Thread] DEBUG LoopRunner           - Initializing JavaFX AnimationTimerLoop
13:29:24.986 [JavaFX Application Thread] DEBUG GameApplicationServi - Starting new game
13:29:24.987 [JavaFX Application Thread] DEBUG Input                - Clearing active input actions
13:29:25.002 [JavaFX Application Thread] DEBUG GameApplicationServi - Removing overlay from FXGLStartupScene and adding to MainLoadingScene
13:29:25.003 [JavaFX Application Thread] DEBUG PrimaryStageWindow   - FXGLStartupScene -> MainLoadingScene
13:29:25.003 [JavaFX Application Thread] DEBUG GameApplicationServi - Clearing previous game
13:29:25.003 [JavaFX Application Thread] DEBUG GameScene            - Clearing game scene
13:29:25.003 [JavaFX Application Thread] DEBUG GameWorld            - Clearing game world
13:29:25.003 [JavaFX Application Thread] DEBUG PhysicsWorld         - Clearing physics world
13:29:25.006 [FXGL Background Thread 1 ] DEBUG FXGLApplication      - Initializing game
13:29:25.024 [FXGL Background Thread 1 ] WARN  FXGLAssetLoaderServi - Asset "/assets/textures/background/forest.png" was not found!
13:29:25.025 [FXGL Background Thread 1 ] WARN  FXGLAssetLoaderServi - Failed to load IMAGE
13:29:25.078 [FXGL Background Thread 4 ] DEBUG FXGLAssetLoaderServi - Loading from file system: jar:file:///C:/Users/Daniele%20Teli/.gradle/caches/modules-2/files-2.1/com.github.almasb/fxgl/17.2/35db6ae960eec2dcfd19262d3b7f9c42f0e95bc3/fxgl-17.2.jar!/fxglassets/ui/fonts/Abel-Regular.ttf
13:29:25.088 [FXGL Background Thread 4 ] DEBUG FXGLAssetLoaderServi - Loading from file system: jar:file:///C:/Users/Daniele%20Teli/.gradle/caches/modules-2/files-2.1/com.github.almasb/fxgl/17.2/35db6ae960eec2dcfd19262d3b7f9c42f0e95bc3/fxgl-17.2.jar!/fxglassets/ui/fonts/TerminalLandMono-Regular.otf
13:29:25.097 [FXGL Background Thread 4 ] DEBUG FXGLAssetLoaderServi - Loading from file system: jar:file:///C:/Users/Daniele%20Teli/.gradle/caches/modules-2/files-2.1/com.github.almasb/fxgl/17.2/35db6ae960eec2dcfd19262d3b7f9c42f0e95bc3/fxgl-17.2.jar!/fxglassets/ui/fonts/Courier-Prime.ttf
13:29:25.113 [JavaFX Application Thread] DEBUG FXGLApplication      - Registering font factories with UI factory
13:29:25.118 [FXGL Background Thread 1 ] INFO  FXGLApplication      - Game initialization took: 0.112 sec
13:29:25.120 [JavaFX Application Thread] DEBUG Input                - Clearing active input actions
13:29:25.131 [JavaFX Application Thread] DEBUG GameApplicationServi - Removing overlay from MainLoadingScene and adding to GameScene
13:29:25.132 [JavaFX Application Thread] DEBUG PrimaryStageWindow   - MainLoadingScene -> GameScene
13:29:25.540 [FXGL Background Thread 2 ] INFO  UpdaterService       - Your current version:  17.2
13:29:25.540 [FXGL Background Thread 2 ] INFO  UpdaterService       - Latest stable version: 17.3
13:29:27.509 [JavaFX Application Thread] DEBUG FXGLApplication      - Exiting FXGL
13:29:27.510 [JavaFX Application Thread] DEBUG LoopRunner           - Stopping loop
13:29:27.510 [JavaFX Application Thread] DEBUG SystemBundleService  - Saving FXGL system data
13:29:27.515 [JavaFX Application Thread] DEBUG FileSystemAccess     - Writing to: C:\Users\Daniele Teli\Documents\ProjectOOP\system\fxgl.bundle
13:29:27.519 [JavaFX Application Thread] DEBUG Async                - Shutting down background threads
13:29:27.520 [JavaFX Application Thread] DEBUG PrimaryStageWindow   - Closing main window
13:29:27.551 [JavaFX Application Thread] DEBUG Logger               - Closing Logger
