13:24:45.032 [main                     ] DEBUG Logger               - Configured Logger
13:24:45.107 [main                     ] DEBUG GameApplication      - Logging settings
Title: Untitled
Version: 0.0
Width: 800
Height: 600
Fullscreen: false
Intro: false
Profiling: false
Single step:false
App Mode: DEVELOPER
Menu Key: ESCAPE
Stage Style: DECORATED
Scene Factory: class com.game.projectoop.App$1

13:24:45.871 [JavaFX Application Thread] DEBUG FXGLApplication      - Initializing FXGL
13:24:45.884 [JavaFX Application Thread] INFO  Engine               - FXGL-17.2 (20.08.2022 16.50) on WINDOWS (J:17.0.6 FX:17.0.2-ea)
13:24:45.885 [JavaFX Application Thread] DEBUG Engine               - JRE Vendor Name: Oracle Corporation
13:24:45.885 [JavaFX Application Thread] DEBUG Engine               - Running on OS: Windows 10 version 10.0
13:24:45.885 [JavaFX Application Thread] DEBUG Engine               - Architecture: amd64
13:24:45.886 [JavaFX Application Thread] INFO  Engine               - Source code and latest versions at: https://github.com/AlmasB/FXGL
13:24:45.886 [JavaFX Application Thread] INFO  Engine               -       Ask questions and discuss at: https://github.com/AlmasB/FXGL/discussions
13:24:45.886 [JavaFX Application Thread] INFO  Engine               -              Join the FXGL chat at: https://gitter.im/AlmasB/FXGL
13:24:46.117 [JavaFX Application Thread] DEBUG PrimaryStageWindow   - Creating a JavaFX scene
13:24:46.208 [JavaFX Application Thread] DEBUG PrimaryStageWindow   - Target settings size: 800.0 x 600.0
13:24:46.209 [JavaFX Application Thread] DEBUG PrimaryStageWindow   - Scaled scene size:    800.0 x 600.0
13:24:46.210 [JavaFX Application Thread] DEBUG PrimaryStageWindow   - Scaled ratio: (1.0, 1.0)
13:24:46.212 [JavaFX Application Thread] DEBUG PrimaryStageWindow   - Set initial scene to FXGLStartupScene
13:24:46.227 [JavaFX Application Thread] DEBUG PrimaryStageWindow   - Opening main window
13:24:46.426 [JavaFX Application Thread] DEBUG PrimaryStageWindow   - Window border size: (14.4000244140625, 37.5999755859375)
13:24:46.427 [JavaFX Application Thread] DEBUG PrimaryStageWindow   - Scaled size: 800.0 x 600.0
13:24:46.428 [JavaFX Application Thread] DEBUG PrimaryStageWindow   - Scaled ratio: (1.0, 1.0)
13:24:46.429 [JavaFX Application Thread] DEBUG PrimaryStageWindow   - Scene size: 800.0 x 600.0
13:24:46.430 [JavaFX Application Thread] DEBUG PrimaryStageWindow   - Stage size: 814.4000244140625 x 637.5999755859375
13:24:46.448 [FXGL Background Thread 1 ] DEBUG Engine               - Initializing environment variables
13:24:46.545 [FXGL Background Thread 1 ] DEBUG FXGLAssetLoaderServi - User app class for loading assets: class com.game.projectoop.App
13:24:46.546 [FXGL Background Thread 1 ] DEBUG GameApplicationServi - Applying CSS: fxgl_dark.css
13:24:46.548 [FXGL Background Thread 1 ] DEBUG FXGLAssetLoaderServi - Loading from file system: jar:file:///C:/Users/Daniele%20Teli/.gradle/caches/modules-2/files-2.1/com.github.almasb/fxgl/17.2/35db6ae960eec2dcfd19262d3b7f9c42f0e95bc3/fxgl-17.2.jar!/fxglassets/ui/css/fxgl_dark.css
13:24:46.648 [FXGL Background Thread 1 ] DEBUG GameApplicationServi - Initializing application scenes
13:24:46.798 [FXGL Background Thread 1 ] DEBUG GameWorld            - Game world initialized
13:24:46.922 [FXGL Background Thread 1 ] DEBUG PhysicsWorld         - Physics world initialized: appHeight=600, physics.ppm=50.0
13:24:46.923 [FXGL Background Thread 1 ] DEBUG PhysicsWorld         - Using strategy: BRUTE_FORCE
13:24:46.931 [FXGL Background Thread 1 ] DEBUG GameScene            - Game scene initialized: 800x600
13:24:46.952 [FXGL Background Thread 1 ] DEBUG FXGL.DefaultMenu     - createMenuBodyGameMenu()
13:24:47.004 [FXGL Background Thread 1 ] DEBUG FXGL.DefaultMenu     - createOptionsMenu()
13:24:47.038 [FXGL Background Thread 1 ] DEBUG FXGLAssetLoaderServi - Loading from file system: jar:file:///C:/Users/Daniele%20Teli/.gradle/caches/modules-2/files-2.1/com.github.almasb/fxgl/17.2/35db6ae960eec2dcfd19262d3b7f9c42f0e95bc3/fxgl-17.2.jar!/fxglassets/textures/particles/smoke.png
13:24:47.241 [FXGL Background Thread 1 ] DEBUG FXGLAssetLoaderServi - Loading from file system: jar:file:///C:/Users/Daniele%20Teli/.gradle/caches/modules-2/files-2.1/com.github.almasb/fxgl/17.2/35db6ae960eec2dcfd19262d3b7f9c42f0e95bc3/fxgl-17.2.jar!/fxglassets/textures/particles/trace_horizontal.png
13:24:47.301 [FXGL Background Thread 1 ] DEBUG GameApplicationServi - Application scenes initialized
13:24:47.330 [FXGL Background Thread 1 ] DEBUG SystemBundleService  - Loading FXGL system data
13:24:47.342 [FXGL Background Thread 1 ] DEBUG FileSystemAccess     - Reading from: C:\Users\Daniele Teli\Documents\ProjectOOP\system\fxgl.bundle
13:24:47.359 [FXGL Background Thread 1 ] DEBUG SystemBundleService  - Bundle FXGL: {}
13:24:47.359 [FXGL Background Thread 1 ] DEBUG UpdaterService       - Checking for updates
13:24:47.370 [FXGL Background Thread 4 ] DEBUG FXGLApplication      - Loading fonts
13:24:47.370 [FXGL Background Thread 1 ] DEBUG FXGLApplication      - Loading default localization
13:24:47.370 [FXGL Background Thread 4 ] DEBUG FXGLAssetLoaderServi - Loading from file system: jar:file:///C:/Users/Daniele%20Teli/.gradle/caches/modules-2/files-2.1/com.github.almasb/fxgl/17.2/35db6ae960eec2dcfd19262d3b7f9c42f0e95bc3/fxgl-17.2.jar!/fxglassets/ui/fonts/VarelaRound-Regular.ttf
13:24:47.371 [FXGL Background Thread 1 ] DEBUG FXGLAssetLoaderServi - Loading from file system: jar:file:///C:/Users/Daniele%20Teli/.gradle/caches/modules-2/files-2.1/com.github.almasb/fxgl/17.2/35db6ae960eec2dcfd19262d3b7f9c42f0e95bc3/fxgl-17.2.jar!/fxglassets/languages/english.lang
13:24:47.406 [FXGL Background Thread 1 ] INFO  FXGLApplication      - FXGL initialization took: 0.957 sec
13:24:47.409 [JavaFX Application Thread] DEBUG FXGLAssetLoaderServi - Loading from file system: jar:file:///C:/Users/Daniele%20Teli/.gradle/caches/modules-2/files-2.1/com.github.almasb/fxgl/17.2/35db6ae960eec2dcfd19262d3b7f9c42f0e95bc3/fxgl-17.2.jar!/fxglassets/textures/fxgl_icon.png
13:24:47.433 [JavaFX Application Thread] DEBUG FXGLAssetLoaderServi - Loading from file system: jar:file:///C:/Users/Daniele%20Teli/.gradle/caches/modules-2/files-2.1/com.github.almasb/fxgl/17.2/35db6ae960eec2dcfd19262d3b7f9c42f0e95bc3/fxgl-17.2.jar!/fxglassets/textures/fxgl_default_cursor.png
13:24:47.450 [JavaFX Application Thread] DEBUG Input                - Registered new binding: Screenshot - CTRL+8
13:24:47.451 [JavaFX Application Thread] DEBUG Input                - Registered new binding: System info dump - CTRL+9
13:24:47.451 [JavaFX Application Thread] DEBUG Input                - Registered new binding: Restart - CTRL+R
13:24:47.452 [JavaFX Application Thread] DEBUG Input                - Registered new binding: Toggle Debug Camera - CTRL+7
13:24:47.455 [JavaFX Application Thread] DEBUG LoopRunner           - Starting loop
13:24:47.456 [JavaFX Application Thread] DEBUG LoopRunner           - Initializing JavaFX AnimationTimerLoop
13:24:47.457 [JavaFX Application Thread] DEBUG GameApplicationServi - Starting new game
13:24:47.458 [JavaFX Application Thread] DEBUG Input                - Clearing active input actions
13:24:47.474 [JavaFX Application Thread] DEBUG GameApplicationServi - Removing overlay from FXGLStartupScene and adding to MainLoadingScene
13:24:47.475 [JavaFX Application Thread] DEBUG PrimaryStageWindow   - FXGLStartupScene -> MainLoadingScene
13:24:47.475 [JavaFX Application Thread] DEBUG GameApplicationServi - Clearing previous game
13:24:47.475 [JavaFX Application Thread] DEBUG GameScene            - Clearing game scene
13:24:47.475 [JavaFX Application Thread] DEBUG GameWorld            - Clearing game world
13:24:47.475 [JavaFX Application Thread] DEBUG PhysicsWorld         - Clearing physics world
13:24:47.477 [FXGL Background Thread 1 ] DEBUG FXGLApplication      - Initializing game
13:24:47.490 [FXGL Background Thread 1 ] WARN  FXGLAssetLoaderServi - Asset "/assets/textures/background/forest.png" was not found!
13:24:47.491 [FXGL Background Thread 1 ] WARN  FXGLAssetLoaderServi - Failed to load IMAGE
13:24:47.666 [FXGL Background Thread 4 ] DEBUG FXGLAssetLoaderServi - Loading from file system: jar:file:///C:/Users/Daniele%20Teli/.gradle/caches/modules-2/files-2.1/com.github.almasb/fxgl/17.2/35db6ae960eec2dcfd19262d3b7f9c42f0e95bc3/fxgl-17.2.jar!/fxglassets/ui/fonts/Abel-Regular.ttf
13:24:47.673 [FXGL Background Thread 4 ] DEBUG FXGLAssetLoaderServi - Loading from file system: jar:file:///C:/Users/Daniele%20Teli/.gradle/caches/modules-2/files-2.1/com.github.almasb/fxgl/17.2/35db6ae960eec2dcfd19262d3b7f9c42f0e95bc3/fxgl-17.2.jar!/fxglassets/ui/fonts/TerminalLandMono-Regular.otf
13:24:47.680 [FXGL Background Thread 4 ] DEBUG FXGLAssetLoaderServi - Loading from file system: jar:file:///C:/Users/Daniele%20Teli/.gradle/caches/modules-2/files-2.1/com.github.almasb/fxgl/17.2/35db6ae960eec2dcfd19262d3b7f9c42f0e95bc3/fxgl-17.2.jar!/fxglassets/ui/fonts/Courier-Prime.ttf
13:24:47.696 [JavaFX Application Thread] DEBUG FXGLApplication      - Registering font factories with UI factory
13:24:47.914 [FXGL Background Thread 2 ] INFO  UpdaterService       - Your current version:  17.2
13:24:47.914 [FXGL Background Thread 2 ] INFO  UpdaterService       - Latest stable version: 17.3
13:24:50.367 [FXGL Background Thread 3 ] DEBUG Engine               - Logging environment variables
13:24:50.368 [FXGL Background Thread 3 ] DEBUG Engine               - achievements: []
13:24:50.369 [FXGL Background Thread 3 ] DEBUG Engine               - actualHeight: 600.0
13:24:50.369 [FXGL Background Thread 3 ] DEBUG Engine               - actualHeightProperty: ReadOnlyDoubleProperty [value: 600.0]
13:24:50.369 [FXGL Background Thread 3 ] DEBUG Engine               - actualWidth: 800.0
13:24:50.370 [FXGL Background Thread 3 ] DEBUG Engine               - actualWidthProperty: ReadOnlyDoubleProperty [value: 800.0]
13:24:50.370 [FXGL Background Thread 3 ] DEBUG Engine               - appIcon: fxgl_icon.png
13:24:50.370 [FXGL Background Thread 3 ] DEBUG Engine               - applicationMode: DEVELOPER
13:24:50.371 [FXGL Background Thread 3 ] DEBUG Engine               - cSSList: [fxgl_dark.css]
13:24:50.371 [FXGL Background Thread 3 ] DEBUG Engine               - collisionDetectionStrategy: BRUTE_FORCE
13:24:50.371 [FXGL Background Thread 3 ] DEBUG Engine               - configClass: Optional.empty
13:24:50.371 [FXGL Background Thread 3 ] DEBUG Engine               - credits: []
13:24:50.372 [FXGL Background Thread 3 ] DEBUG Engine               - defaultCursor: CursorInfo(imageName=fxgl_default_cursor.png, hotspotX=7.0, hotspotY=6.0)
13:24:50.373 [FXGL Background Thread 3 ] DEBUG Engine               - devBBoxColorProperty: ObjectProperty [value: 0xff0000ff]
13:24:50.373 [FXGL Background Thread 3 ] DEBUG Engine               - devEnableDebugCameraProperty: BooleanProperty [value: false]
13:24:50.374 [FXGL Background Thread 3 ] DEBUG Engine               - devSensorColorProperty: ObjectProperty [value: 0xffff00ff]
13:24:50.374 [FXGL Background Thread 3 ] DEBUG Engine               - devShowBBoxProperty: BooleanProperty [value: false]
13:24:50.374 [FXGL Background Thread 3 ] DEBUG Engine               - devShowPositionProperty: BooleanProperty [value: false]
13:24:50.374 [FXGL Background Thread 3 ] DEBUG Engine               - enabledMenuItems: []
13:24:50.375 [FXGL Background Thread 3 ] DEBUG Engine               - engineServices: [class com.almasb.fxgl.app.services.FXGLAssetLoaderService, class com.almasb.fxgl.app.FXGLApplication$GameApplicationService, class com.almasb.fxgl.app.services.FXGLDialogService, class com.almasb.fxgl.app.services.IOTaskExecutorService, class com.almasb.fxgl.io.FileSystemService, class com.almasb.fxgl.localization.LocalizationService, class com.almasb.fxgl.app.services.SystemBundleService, class com.almasb.fxgl.profile.SaveLoadService, class com.almasb.fxgl.ui.FXGLUIFactoryServiceProvider, class com.almasb.fxgl.ui.FXGLDialogFactoryServiceProvider, class com.almasb.fxgl.audio.AudioPlayer, class com.almasb.fxgl.notification.impl.NotificationServiceProvider, class com.almasb.fxgl.achievement.AchievementService, class com.almasb.fxgl.cutscene.CutsceneService, class com.almasb.fxgl.minigames.MiniGameService, class com.almasb.fxgl.net.NetService, class com.almasb.fxgl.app.services.UpdaterService, class com.almasb.fxgl.dev.DevService]
13:24:50.375 [FXGL Background Thread 3 ] DEBUG Engine               - fontGame: Abel-Regular.ttf
13:24:50.375 [FXGL Background Thread 3 ] DEBUG Engine               - fontMono: TerminalLandMono-Regular.otf
13:24:50.375 [FXGL Background Thread 3 ] DEBUG Engine               - fontText: Courier-Prime.ttf
13:24:50.376 [FXGL Background Thread 3 ] DEBUG Engine               - fontUI: VarelaRound-Regular.ttf
13:24:50.376 [FXGL Background Thread 3 ] DEBUG Engine               - fullScreen: BooleanProperty [value: false]
13:24:50.376 [FXGL Background Thread 3 ] DEBUG Engine               - gameDifficulty: MEDIUM
13:24:50.376 [FXGL Background Thread 3 ] DEBUG Engine               - gameDifficultyProperty: ObjectProperty [value: MEDIUM]
13:24:50.377 [FXGL Background Thread 3 ] DEBUG Engine               - globalMusicVolume: 0.5
13:24:50.377 [FXGL Background Thread 3 ] DEBUG Engine               - globalMusicVolumeProperty: DoubleProperty [value: 0.5]
13:24:50.377 [FXGL Background Thread 3 ] DEBUG Engine               - globalSoundVolume: 0.5
13:24:50.378 [FXGL Background Thread 3 ] DEBUG Engine               - globalSoundVolumeProperty: DoubleProperty [value: 0.5]
13:24:50.378 [FXGL Background Thread 3 ] DEBUG Engine               - height: 600
13:24:50.379 [FXGL Background Thread 3 ] DEBUG Engine               - is3D: false
13:24:50.380 [FXGL Background Thread 3 ] DEBUG Engine               - isAndroid: false
13:24:50.380 [FXGL Background Thread 3 ] DEBUG Engine               - isBrowser: false
13:24:50.380 [FXGL Background Thread 3 ] DEBUG Engine               - isClickFeedbackEnabled: false
13:24:50.380 [FXGL Background Thread 3 ] DEBUG Engine               - isCloseConfirmation: false
13:24:50.381 [FXGL Background Thread 3 ] DEBUG Engine               - isDesktop: true
13:24:50.381 [FXGL Background Thread 3 ] DEBUG Engine               - isDeveloperMenuEnabled: false
13:24:50.381 [FXGL Background Thread 3 ] DEBUG Engine               - isEmbedded: false
13:24:50.381 [FXGL Background Thread 3 ] DEBUG Engine               - isEntityPreloadEnabled: true
13:24:50.381 [FXGL Background Thread 3 ] DEBUG Engine               - isExperimentalTiledLargeMap: false
13:24:50.382 [FXGL Background Thread 3 ] DEBUG Engine               - isFileSystemWriteAllowed: true
13:24:50.382 [FXGL Background Thread 3 ] DEBUG Engine               - isFullScreenAllowed: false
13:24:50.382 [FXGL Background Thread 3 ] DEBUG Engine               - isFullScreenFromStart: false
13:24:50.382 [FXGL Background Thread 3 ] DEBUG Engine               - isGameMenuEnabled: true
13:24:50.382 [FXGL Background Thread 3 ] DEBUG Engine               - isIOS: false
13:24:50.383 [FXGL Background Thread 3 ] DEBUG Engine               - isIntroEnabled: false
13:24:50.383 [FXGL Background Thread 3 ] DEBUG Engine               - isLinux: false
13:24:50.383 [FXGL Background Thread 3 ] DEBUG Engine               - isMac: false
13:24:50.383 [FXGL Background Thread 3 ] DEBUG Engine               - isMainMenuEnabled: false
13:24:50.383 [FXGL Background Thread 3 ] DEBUG Engine               - isManualResizeEnabled: false
13:24:50.384 [FXGL Background Thread 3 ] DEBUG Engine               - isMobile: false
13:24:50.384 [FXGL Background Thread 3 ] DEBUG Engine               - isNative: false
13:24:50.384 [FXGL Background Thread 3 ] DEBUG Engine               - isPauseMusicWhenMinimized: true
13:24:50.384 [FXGL Background Thread 3 ] DEBUG Engine               - isPreserveResizeRatio: false
13:24:50.385 [FXGL Background Thread 3 ] DEBUG Engine               - isProfilingEnabled: false
13:24:50.385 [FXGL Background Thread 3 ] DEBUG Engine               - isScaleAffectedOnResize: true
13:24:50.385 [FXGL Background Thread 3 ] DEBUG Engine               - isSingleStep: false
13:24:50.385 [FXGL Background Thread 3 ] DEBUG Engine               - isUserProfileEnabled: false
13:24:50.386 [FXGL Background Thread 3 ] DEBUG Engine               - isWindows: true
13:24:50.386 [FXGL Background Thread 3 ] DEBUG Engine               - language: ObjectProperty [value: ENGLISH]
13:24:50.386 [FXGL Background Thread 3 ] DEBUG Engine               - menuKey: ESCAPE
13:24:50.386 [FXGL Background Thread 3 ] DEBUG Engine               - mouseSensitivity: 0.2
13:24:50.387 [FXGL Background Thread 3 ] DEBUG Engine               - notificationViewClass: class com.almasb.fxgl.notification.view.XboxNotificationView
13:24:50.387 [FXGL Background Thread 3 ] DEBUG Engine               - pixelsPerMeter: 50.0
13:24:50.387 [FXGL Background Thread 3 ] DEBUG Engine               - platform: WINDOWS
13:24:50.387 [FXGL Background Thread 3 ] DEBUG Engine               - prefHeightProperty: ReadOnlyDoubleProperty [value: 600.0]
13:24:50.387 [FXGL Background Thread 3 ] DEBUG Engine               - prefWidthProperty: ReadOnlyDoubleProperty [value: 800.0]
13:24:50.388 [FXGL Background Thread 3 ] DEBUG Engine               - profileDir: profiles/
13:24:50.388 [FXGL Background Thread 3 ] DEBUG Engine               - profileName: StringProperty [value: DEFAULT]
13:24:50.388 [FXGL Background Thread 3 ] DEBUG Engine               - randomSeed: -1
13:24:50.389 [FXGL Background Thread 3 ] DEBUG Engine               - runtimeInfo: RuntimeInfo(platform=WINDOWS, version=17.2, build=20.08.2022 16.50)
13:24:50.389 [FXGL Background Thread 3 ] DEBUG Engine               - saveFileExt: sav
13:24:50.390 [FXGL Background Thread 3 ] DEBUG Engine               - scaledHeightProp$fxgl: DoubleProperty [bound, value: 600.0]
13:24:50.390 [FXGL Background Thread 3 ] DEBUG Engine               - scaledWidthProp$fxgl: DoubleProperty [bound, value: 800.0]
13:24:50.390 [FXGL Background Thread 3 ] DEBUG Engine               - sceneFactory: com.game.projectoop.App$1@2141e133
13:24:50.390 [FXGL Background Thread 3 ] DEBUG Engine               - secondsIn24h: 60
13:24:50.391 [FXGL Background Thread 3 ] DEBUG Engine               - soundMenuBack: menu/back.wav
13:24:50.391 [FXGL Background Thread 3 ] DEBUG Engine               - soundMenuPress: menu/press.wav
13:24:50.391 [FXGL Background Thread 3 ] DEBUG Engine               - soundMenuSelect: menu/select.wav
13:24:50.391 [FXGL Background Thread 3 ] DEBUG Engine               - soundNotification: core/notification.wav
13:24:50.391 [FXGL Background Thread 3 ] DEBUG Engine               - stageStyle: DECORATED
13:24:50.391 [FXGL Background Thread 3 ] DEBUG Engine               - supportedLanguages: [ENGLISH, FRENCH, GERMAN, HUNGARIAN, RUSSIAN]
13:24:50.392 [FXGL Background Thread 3 ] DEBUG Engine               - ticksPerSecond: -1
13:24:50.392 [FXGL Background Thread 3 ] DEBUG Engine               - title: Untitled
13:24:50.392 [FXGL Background Thread 3 ] DEBUG Engine               - urlGithub: https://github.com/AlmasB/FXGL
13:24:50.392 [FXGL Background Thread 3 ] DEBUG Engine               - urlLeaderboard: http://fxgl-top.herokuapp.com/
13:24:50.392 [FXGL Background Thread 3 ] DEBUG Engine               - urlPOM: https://raw.githubusercontent.com/AlmasB/FXGL/release/README.md
13:24:50.393 [FXGL Background Thread 3 ] DEBUG Engine               - userAppClass: class com.game.projectoop.App
13:24:50.393 [FXGL Background Thread 3 ] DEBUG Engine               - version: 0.0
13:24:50.393 [FXGL Background Thread 3 ] DEBUG Engine               - versionCheckDays: 7
13:24:50.393 [FXGL Background Thread 3 ] DEBUG Engine               - width: 800
13:24:50.393 [FXGL Background Thread 3 ] DEBUG Engine               - Logging services
13:24:50.394 [FXGL Background Thread 3 ] DEBUG Engine               - class com.almasb.fxgl.app.services.FXGLAssetLoaderService
13:24:50.394 [FXGL Background Thread 3 ] DEBUG Engine               - class com.almasb.fxgl.app.FXGLApplication$GameApplicationService
13:24:50.394 [FXGL Background Thread 3 ] DEBUG Engine               - class com.almasb.fxgl.app.services.FXGLDialogService
13:24:50.394 [FXGL Background Thread 3 ] DEBUG Engine               - class com.almasb.fxgl.app.services.IOTaskExecutorService
13:24:50.395 [FXGL Background Thread 3 ] DEBUG Engine               - class com.almasb.fxgl.io.FileSystemService
13:24:50.395 [FXGL Background Thread 3 ] DEBUG Engine               - class com.almasb.fxgl.localization.LocalizationService
13:24:50.395 [FXGL Background Thread 3 ] DEBUG Engine               - class com.almasb.fxgl.app.services.SystemBundleService
13:24:50.395 [FXGL Background Thread 3 ] DEBUG Engine               - class com.almasb.fxgl.profile.SaveLoadService
13:24:50.396 [FXGL Background Thread 3 ] DEBUG Engine               - class com.almasb.fxgl.ui.FXGLUIFactoryServiceProvider
13:24:50.396 [FXGL Background Thread 3 ] DEBUG Engine               - class com.almasb.fxgl.ui.FXGLDialogFactoryServiceProvider
13:24:50.396 [FXGL Background Thread 3 ] DEBUG Engine               - class com.almasb.fxgl.audio.AudioPlayer
13:24:50.396 [FXGL Background Thread 3 ] DEBUG Engine               - class com.almasb.fxgl.notification.impl.NotificationServiceProvider
13:24:50.396 [FXGL Background Thread 3 ] DEBUG Engine               - class com.almasb.fxgl.achievement.AchievementService
13:24:50.396 [FXGL Background Thread 3 ] DEBUG Engine               - class com.almasb.fxgl.cutscene.CutsceneService
13:24:50.397 [FXGL Background Thread 3 ] DEBUG Engine               - class com.almasb.fxgl.minigames.MiniGameService
13:24:50.397 [FXGL Background Thread 3 ] DEBUG Engine               - class com.almasb.fxgl.net.NetService
13:24:50.397 [FXGL Background Thread 3 ] DEBUG Engine               - class com.almasb.fxgl.app.services.UpdaterService
13:24:50.397 [FXGL Background Thread 3 ] DEBUG Engine               - class com.almasb.fxgl.dev.DevService
13:24:54.352 [JavaFX Application Thread] DEBUG FXGLApplication      - Exiting FXGL
13:24:54.352 [JavaFX Application Thread] DEBUG LoopRunner           - Stopping loop
13:24:54.352 [JavaFX Application Thread] DEBUG SystemBundleService  - Saving FXGL system data
13:24:54.358 [JavaFX Application Thread] DEBUG FileSystemAccess     - Writing to: C:\Users\Daniele Teli\Documents\ProjectOOP\system\fxgl.bundle
13:24:54.363 [JavaFX Application Thread] DEBUG Async                - Shutting down background threads
13:24:54.364 [JavaFX Application Thread] DEBUG PrimaryStageWindow   - Closing main window
13:24:54.399 [JavaFX Application Thread] DEBUG Logger               - Closing Logger
