13:28:58.796 [main                     ] DEBUG Logger               - Configured Logger
13:28:58.865 [main                     ] DEBUG GameApplication      - Logging settings
Title: Untitled
Version: 0.0
Width: 800
Height: 600
Fullscreen: false
Intro: false
Profiling: false
Single step:false
App Mode: DEVELOPER
Menu Key: ESCAPE
Stage Style: DECORATED
Scene Factory: class com.game.projectoop.App$1

13:28:59.625 [JavaFX Application Thread] DEBUG FXGLApplication      - Initializing FXGL
13:28:59.637 [JavaFX Application Thread] INFO  Engine               - FXGL-17.2 (20.08.2022 16.50) on WINDOWS (J:17.0.6 FX:17.0.2-ea)
13:28:59.638 [JavaFX Application Thread] DEBUG Engine               - JRE Vendor Name: Oracle Corporation
13:28:59.639 [JavaFX Application Thread] DEBUG Engine               - Running on OS: Windows 10 version 10.0
13:28:59.639 [JavaFX Application Thread] DEBUG Engine               - Architecture: amd64
13:28:59.639 [JavaFX Application Thread] INFO  Engine               - Source code and latest versions at: https://github.com/AlmasB/FXGL
13:28:59.640 [JavaFX Application Thread] INFO  Engine               -       Ask questions and discuss at: https://github.com/AlmasB/FXGL/discussions
13:28:59.640 [JavaFX Application Thread] INFO  Engine               -              Join the FXGL chat at: https://gitter.im/AlmasB/FXGL
13:28:59.854 [JavaFX Application Thread] DEBUG PrimaryStageWindow   - Creating a JavaFX scene
13:28:59.947 [JavaFX Application Thread] DEBUG PrimaryStageWindow   - Target settings size: 800.0 x 600.0
13:28:59.948 [JavaFX Application Thread] DEBUG PrimaryStageWindow   - Scaled scene size:    800.0 x 600.0
13:28:59.949 [JavaFX Application Thread] DEBUG PrimaryStageWindow   - Scaled ratio: (1.0, 1.0)
13:28:59.951 [JavaFX Application Thread] DEBUG PrimaryStageWindow   - Set initial scene to FXGLStartupScene
13:28:59.964 [JavaFX Application Thread] DEBUG PrimaryStageWindow   - Opening main window
13:29:00.140 [JavaFX Application Thread] DEBUG PrimaryStageWindow   - Window border size: (14.4000244140625, 37.5999755859375)
13:29:00.141 [JavaFX Application Thread] DEBUG PrimaryStageWindow   - Scaled size: 800.0 x 600.0
13:29:00.142 [JavaFX Application Thread] DEBUG PrimaryStageWindow   - Scaled ratio: (1.0, 1.0)
13:29:00.143 [JavaFX Application Thread] DEBUG PrimaryStageWindow   - Scene size: 800.0 x 600.0
13:29:00.143 [JavaFX Application Thread] DEBUG PrimaryStageWindow   - Stage size: 814.4000244140625 x 637.5999755859375
13:29:00.158 [FXGL Background Thread 1 ] DEBUG Engine               - Initializing environment variables
13:29:00.246 [FXGL Background Thread 1 ] DEBUG FXGLAssetLoaderServi - User app class for loading assets: class com.game.projectoop.App
13:29:00.247 [FXGL Background Thread 1 ] DEBUG GameApplicationServi - Applying CSS: fxgl_dark.css
13:29:00.249 [FXGL Background Thread 1 ] DEBUG FXGLAssetLoaderServi - Loading from file system: jar:file:///C:/Users/Daniele%20Teli/.gradle/caches/modules-2/files-2.1/com.github.almasb/fxgl/17.2/35db6ae960eec2dcfd19262d3b7f9c42f0e95bc3/fxgl-17.2.jar!/fxglassets/ui/css/fxgl_dark.css
13:29:00.365 [FXGL Background Thread 1 ] DEBUG GameApplicationServi - Initializing application scenes
13:29:00.495 [FXGL Background Thread 1 ] DEBUG GameWorld            - Game world initialized
13:29:00.609 [FXGL Background Thread 1 ] DEBUG PhysicsWorld         - Physics world initialized: appHeight=600, physics.ppm=50.0
13:29:00.610 [FXGL Background Thread 1 ] DEBUG PhysicsWorld         - Using strategy: BRUTE_FORCE
13:29:00.619 [FXGL Background Thread 1 ] DEBUG GameScene            - Game scene initialized: 800x600
13:29:00.638 [FXGL Background Thread 1 ] DEBUG FXGL.DefaultMenu     - createMenuBodyGameMenu()
13:29:00.675 [FXGL Background Thread 1 ] DEBUG FXGL.DefaultMenu     - createOptionsMenu()
13:29:00.711 [FXGL Background Thread 1 ] DEBUG FXGLAssetLoaderServi - Loading from file system: jar:file:///C:/Users/Daniele%20Teli/.gradle/caches/modules-2/files-2.1/com.github.almasb/fxgl/17.2/35db6ae960eec2dcfd19262d3b7f9c42f0e95bc3/fxgl-17.2.jar!/fxglassets/textures/particles/smoke.png
13:29:00.980 [FXGL Background Thread 1 ] DEBUG FXGLAssetLoaderServi - Loading from file system: jar:file:///C:/Users/Daniele%20Teli/.gradle/caches/modules-2/files-2.1/com.github.almasb/fxgl/17.2/35db6ae960eec2dcfd19262d3b7f9c42f0e95bc3/fxgl-17.2.jar!/fxglassets/textures/particles/trace_horizontal.png
13:29:01.069 [FXGL Background Thread 1 ] DEBUG GameApplicationServi - Application scenes initialized
13:29:01.106 [FXGL Background Thread 1 ] DEBUG SystemBundleService  - Loading FXGL system data
13:29:01.122 [FXGL Background Thread 1 ] DEBUG FileSystemAccess     - Reading from: C:\Users\Daniele Teli\Documents\ProjectOOP\system\fxgl.bundle
13:29:01.145 [FXGL Background Thread 1 ] DEBUG SystemBundleService  - Bundle FXGL: {}
13:29:01.146 [FXGL Background Thread 1 ] DEBUG UpdaterService       - Checking for updates
13:29:01.162 [FXGL Background Thread 1 ] DEBUG FXGLApplication      - Loading default localization
13:29:01.164 [FXGL Background Thread 1 ] DEBUG FXGLAssetLoaderServi - Loading from file system: jar:file:///C:/Users/Daniele%20Teli/.gradle/caches/modules-2/files-2.1/com.github.almasb/fxgl/17.2/35db6ae960eec2dcfd19262d3b7f9c42f0e95bc3/fxgl-17.2.jar!/fxglassets/languages/english.lang
13:29:01.210 [FXGL Background Thread 1 ] INFO  FXGLApplication      - FXGL initialization took: 1.051 sec
13:29:01.210 [FXGL Background Thread 4 ] DEBUG FXGLApplication      - Loading fonts
13:29:01.211 [FXGL Background Thread 4 ] DEBUG FXGLAssetLoaderServi - Loading from file system: jar:file:///C:/Users/Daniele%20Teli/.gradle/caches/modules-2/files-2.1/com.github.almasb/fxgl/17.2/35db6ae960eec2dcfd19262d3b7f9c42f0e95bc3/fxgl-17.2.jar!/fxglassets/ui/fonts/VarelaRound-Regular.ttf
13:29:01.212 [JavaFX Application Thread] DEBUG FXGLAssetLoaderServi - Loading from file system: jar:file:///C:/Users/Daniele%20Teli/.gradle/caches/modules-2/files-2.1/com.github.almasb/fxgl/17.2/35db6ae960eec2dcfd19262d3b7f9c42f0e95bc3/fxgl-17.2.jar!/fxglassets/textures/fxgl_icon.png
13:29:01.269 [JavaFX Application Thread] DEBUG FXGLAssetLoaderServi - Loading from file system: jar:file:///C:/Users/Daniele%20Teli/.gradle/caches/modules-2/files-2.1/com.github.almasb/fxgl/17.2/35db6ae960eec2dcfd19262d3b7f9c42f0e95bc3/fxgl-17.2.jar!/fxglassets/textures/fxgl_default_cursor.png
13:29:01.295 [JavaFX Application Thread] DEBUG Input                - Registered new binding: Screenshot - CTRL+8
13:29:01.296 [JavaFX Application Thread] DEBUG Input                - Registered new binding: System info dump - CTRL+9
13:29:01.297 [JavaFX Application Thread] DEBUG Input                - Registered new binding: Restart - CTRL+R
13:29:01.299 [JavaFX Application Thread] DEBUG Input                - Registered new binding: Toggle Debug Camera - CTRL+7
13:29:01.305 [JavaFX Application Thread] DEBUG LoopRunner           - Starting loop
13:29:01.305 [JavaFX Application Thread] DEBUG LoopRunner           - Initializing JavaFX AnimationTimerLoop
13:29:01.308 [JavaFX Application Thread] DEBUG GameApplicationServi - Starting new game
13:29:01.309 [JavaFX Application Thread] DEBUG Input                - Clearing active input actions
13:29:01.333 [JavaFX Application Thread] DEBUG GameApplicationServi - Removing overlay from FXGLStartupScene and adding to MainLoadingScene
13:29:01.334 [JavaFX Application Thread] DEBUG PrimaryStageWindow   - FXGLStartupScene -> MainLoadingScene
13:29:01.334 [JavaFX Application Thread] DEBUG GameApplicationServi - Clearing previous game
13:29:01.335 [JavaFX Application Thread] DEBUG GameScene            - Clearing game scene
13:29:01.335 [JavaFX Application Thread] DEBUG GameWorld            - Clearing game world
13:29:01.335 [JavaFX Application Thread] DEBUG PhysicsWorld         - Clearing physics world
13:29:01.338 [FXGL Background Thread 1 ] DEBUG FXGLApplication      - Initializing game
13:29:01.357 [FXGL Background Thread 1 ] WARN  FXGLAssetLoaderServi - Asset "/assets/textures/background/forest.png" was not found!
13:29:01.358 [FXGL Background Thread 1 ] WARN  FXGLAssetLoaderServi - Failed to load IMAGE
13:29:01.558 [FXGL Background Thread 4 ] DEBUG FXGLAssetLoaderServi - Loading from file system: jar:file:///C:/Users/Daniele%20Teli/.gradle/caches/modules-2/files-2.1/com.github.almasb/fxgl/17.2/35db6ae960eec2dcfd19262d3b7f9c42f0e95bc3/fxgl-17.2.jar!/fxglassets/ui/fonts/Abel-Regular.ttf
13:29:01.565 [FXGL Background Thread 4 ] DEBUG FXGLAssetLoaderServi - Loading from file system: jar:file:///C:/Users/Daniele%20Teli/.gradle/caches/modules-2/files-2.1/com.github.almasb/fxgl/17.2/35db6ae960eec2dcfd19262d3b7f9c42f0e95bc3/fxgl-17.2.jar!/fxglassets/ui/fonts/TerminalLandMono-Regular.otf
13:29:01.572 [FXGL Background Thread 4 ] DEBUG FXGLAssetLoaderServi - Loading from file system: jar:file:///C:/Users/Daniele%20Teli/.gradle/caches/modules-2/files-2.1/com.github.almasb/fxgl/17.2/35db6ae960eec2dcfd19262d3b7f9c42f0e95bc3/fxgl-17.2.jar!/fxglassets/ui/fonts/Courier-Prime.ttf
13:29:01.596 [JavaFX Application Thread] DEBUG FXGLApplication      - Registering font factories with UI factory
13:29:02.091 [FXGL Background Thread 2 ] INFO  UpdaterService       - Your current version:  17.2
13:29:02.091 [FXGL Background Thread 2 ] INFO  UpdaterService       - Latest stable version: 17.3
13:29:04.153 [FXGL Background Thread 3 ] DEBUG Engine               - Logging environment variables
13:29:04.154 [FXGL Background Thread 3 ] DEBUG Engine               - achievements: []
13:29:04.154 [FXGL Background Thread 3 ] DEBUG Engine               - actualHeight: 600.0
13:29:04.155 [FXGL Background Thread 3 ] DEBUG Engine               - actualHeightProperty: ReadOnlyDoubleProperty [value: 600.0]
13:29:04.155 [FXGL Background Thread 3 ] DEBUG Engine               - actualWidth: 800.0
13:29:04.155 [FXGL Background Thread 3 ] DEBUG Engine               - actualWidthProperty: ReadOnlyDoubleProperty [value: 800.0]
13:29:04.156 [FXGL Background Thread 3 ] DEBUG Engine               - appIcon: fxgl_icon.png
13:29:04.156 [FXGL Background Thread 3 ] DEBUG Engine               - applicationMode: DEVELOPER
13:29:04.156 [FXGL Background Thread 3 ] DEBUG Engine               - cSSList: [fxgl_dark.css]
13:29:04.156 [FXGL Background Thread 3 ] DEBUG Engine               - collisionDetectionStrategy: BRUTE_FORCE
13:29:04.157 [FXGL Background Thread 3 ] DEBUG Engine               - configClass: Optional.empty
13:29:04.157 [FXGL Background Thread 3 ] DEBUG Engine               - credits: []
13:29:04.158 [FXGL Background Thread 3 ] DEBUG Engine               - defaultCursor: CursorInfo(imageName=fxgl_default_cursor.png, hotspotX=7.0, hotspotY=6.0)
13:29:04.159 [FXGL Background Thread 3 ] DEBUG Engine               - devBBoxColorProperty: ObjectProperty [value: 0xff0000ff]
13:29:04.159 [FXGL Background Thread 3 ] DEBUG Engine               - devEnableDebugCameraProperty: BooleanProperty [value: false]
13:29:04.159 [FXGL Background Thread 3 ] DEBUG Engine               - devSensorColorProperty: ObjectProperty [value: 0xffff00ff]
13:29:04.159 [FXGL Background Thread 3 ] DEBUG Engine               - devShowBBoxProperty: BooleanProperty [value: false]
13:29:04.160 [FXGL Background Thread 3 ] DEBUG Engine               - devShowPositionProperty: BooleanProperty [value: false]
13:29:04.160 [FXGL Background Thread 3 ] DEBUG Engine               - enabledMenuItems: []
13:29:04.160 [FXGL Background Thread 3 ] DEBUG Engine               - engineServices: [class com.almasb.fxgl.app.services.FXGLAssetLoaderService, class com.almasb.fxgl.app.FXGLApplication$GameApplicationService, class com.almasb.fxgl.app.services.FXGLDialogService, class com.almasb.fxgl.app.services.IOTaskExecutorService, class com.almasb.fxgl.io.FileSystemService, class com.almasb.fxgl.localization.LocalizationService, class com.almasb.fxgl.app.services.SystemBundleService, class com.almasb.fxgl.profile.SaveLoadService, class com.almasb.fxgl.ui.FXGLUIFactoryServiceProvider, class com.almasb.fxgl.ui.FXGLDialogFactoryServiceProvider, class com.almasb.fxgl.audio.AudioPlayer, class com.almasb.fxgl.notification.impl.NotificationServiceProvider, class com.almasb.fxgl.achievement.AchievementService, class com.almasb.fxgl.cutscene.CutsceneService, class com.almasb.fxgl.minigames.MiniGameService, class com.almasb.fxgl.net.NetService, class com.almasb.fxgl.app.services.UpdaterService, class com.almasb.fxgl.dev.DevService]
13:29:04.160 [FXGL Background Thread 3 ] DEBUG Engine               - fontGame: Abel-Regular.ttf
13:29:04.161 [FXGL Background Thread 3 ] DEBUG Engine               - fontMono: TerminalLandMono-Regular.otf
13:29:04.161 [FXGL Background Thread 3 ] DEBUG Engine               - fontText: Courier-Prime.ttf
13:29:04.161 [FXGL Background Thread 3 ] DEBUG Engine               - fontUI: VarelaRound-Regular.ttf
13:29:04.161 [FXGL Background Thread 3 ] DEBUG Engine               - fullScreen: BooleanProperty [value: false]
13:29:04.162 [FXGL Background Thread 3 ] DEBUG Engine               - gameDifficulty: MEDIUM
13:29:04.162 [FXGL Background Thread 3 ] DEBUG Engine               - gameDifficultyProperty: ObjectProperty [value: MEDIUM]
13:29:04.162 [FXGL Background Thread 3 ] DEBUG Engine               - globalMusicVolume: 0.5
13:29:04.163 [FXGL Background Thread 3 ] DEBUG Engine               - globalMusicVolumeProperty: DoubleProperty [value: 0.5]
13:29:04.163 [FXGL Background Thread 3 ] DEBUG Engine               - globalSoundVolume: 0.5
13:29:04.163 [FXGL Background Thread 3 ] DEBUG Engine               - globalSoundVolumeProperty: DoubleProperty [value: 0.5]
13:29:04.164 [FXGL Background Thread 3 ] DEBUG Engine               - height: 600
13:29:04.164 [FXGL Background Thread 3 ] DEBUG Engine               - is3D: false
13:29:04.165 [FXGL Background Thread 3 ] DEBUG Engine               - isAndroid: false
13:29:04.165 [FXGL Background Thread 3 ] DEBUG Engine               - isBrowser: false
13:29:04.165 [FXGL Background Thread 3 ] DEBUG Engine               - isClickFeedbackEnabled: false
13:29:04.165 [FXGL Background Thread 3 ] DEBUG Engine               - isCloseConfirmation: false
13:29:04.165 [FXGL Background Thread 3 ] DEBUG Engine               - isDesktop: true
13:29:04.165 [FXGL Background Thread 3 ] DEBUG Engine               - isDeveloperMenuEnabled: false
13:29:04.166 [FXGL Background Thread 3 ] DEBUG Engine               - isEmbedded: false
13:29:04.166 [FXGL Background Thread 3 ] DEBUG Engine               - isEntityPreloadEnabled: true
13:29:04.166 [FXGL Background Thread 3 ] DEBUG Engine               - isExperimentalTiledLargeMap: false
13:29:04.166 [FXGL Background Thread 3 ] DEBUG Engine               - isFileSystemWriteAllowed: true
13:29:04.166 [FXGL Background Thread 3 ] DEBUG Engine               - isFullScreenAllowed: false
13:29:04.166 [FXGL Background Thread 3 ] DEBUG Engine               - isFullScreenFromStart: false
13:29:04.166 [FXGL Background Thread 3 ] DEBUG Engine               - isGameMenuEnabled: true
13:29:04.167 [FXGL Background Thread 3 ] DEBUG Engine               - isIOS: false
13:29:04.167 [FXGL Background Thread 3 ] DEBUG Engine               - isIntroEnabled: false
13:29:04.167 [FXGL Background Thread 3 ] DEBUG Engine               - isLinux: false
13:29:04.167 [FXGL Background Thread 3 ] DEBUG Engine               - isMac: false
13:29:04.167 [FXGL Background Thread 3 ] DEBUG Engine               - isMainMenuEnabled: false
13:29:04.167 [FXGL Background Thread 3 ] DEBUG Engine               - isManualResizeEnabled: false
13:29:04.168 [FXGL Background Thread 3 ] DEBUG Engine               - isMobile: false
13:29:04.168 [FXGL Background Thread 3 ] DEBUG Engine               - isNative: false
13:29:04.168 [FXGL Background Thread 3 ] DEBUG Engine               - isPauseMusicWhenMinimized: true
13:29:04.168 [FXGL Background Thread 3 ] DEBUG Engine               - isPreserveResizeRatio: false
13:29:04.169 [FXGL Background Thread 3 ] DEBUG Engine               - isProfilingEnabled: false
13:29:04.169 [FXGL Background Thread 3 ] DEBUG Engine               - isScaleAffectedOnResize: true
13:29:04.169 [FXGL Background Thread 3 ] DEBUG Engine               - isSingleStep: false
13:29:04.169 [FXGL Background Thread 3 ] DEBUG Engine               - isUserProfileEnabled: false
13:29:04.170 [FXGL Background Thread 3 ] DEBUG Engine               - isWindows: true
13:29:04.170 [FXGL Background Thread 3 ] DEBUG Engine               - language: ObjectProperty [value: ENGLISH]
13:29:04.170 [FXGL Background Thread 3 ] DEBUG Engine               - menuKey: ESCAPE
13:29:04.170 [FXGL Background Thread 3 ] DEBUG Engine               - mouseSensitivity: 0.2
13:29:04.171 [FXGL Background Thread 3 ] DEBUG Engine               - notificationViewClass: class com.almasb.fxgl.notification.view.XboxNotificationView
13:29:04.171 [FXGL Background Thread 3 ] DEBUG Engine               - pixelsPerMeter: 50.0
13:29:04.171 [FXGL Background Thread 3 ] DEBUG Engine               - platform: WINDOWS
13:29:04.171 [FXGL Background Thread 3 ] DEBUG Engine               - prefHeightProperty: ReadOnlyDoubleProperty [value: 600.0]
13:29:04.172 [FXGL Background Thread 3 ] DEBUG Engine               - prefWidthProperty: ReadOnlyDoubleProperty [value: 800.0]
13:29:04.172 [FXGL Background Thread 3 ] DEBUG Engine               - profileDir: profiles/
13:29:04.172 [FXGL Background Thread 3 ] DEBUG Engine               - profileName: StringProperty [value: DEFAULT]
13:29:04.172 [FXGL Background Thread 3 ] DEBUG Engine               - randomSeed: -1
13:29:04.173 [FXGL Background Thread 3 ] DEBUG Engine               - runtimeInfo: RuntimeInfo(platform=WINDOWS, version=17.2, build=20.08.2022 16.50)
13:29:04.173 [FXGL Background Thread 3 ] DEBUG Engine               - saveFileExt: sav
13:29:04.174 [FXGL Background Thread 3 ] DEBUG Engine               - scaledHeightProp$fxgl: DoubleProperty [bound, value: 600.0]
13:29:04.174 [FXGL Background Thread 3 ] DEBUG Engine               - scaledWidthProp$fxgl: DoubleProperty [bound, value: 800.0]
13:29:04.174 [FXGL Background Thread 3 ] DEBUG Engine               - sceneFactory: com.game.projectoop.App$1@39ef4793
13:29:04.174 [FXGL Background Thread 3 ] DEBUG Engine               - secondsIn24h: 60
13:29:04.174 [FXGL Background Thread 3 ] DEBUG Engine               - soundMenuBack: menu/back.wav
13:29:04.175 [FXGL Background Thread 3 ] DEBUG Engine               - soundMenuPress: menu/press.wav
13:29:04.175 [FXGL Background Thread 3 ] DEBUG Engine               - soundMenuSelect: menu/select.wav
13:29:04.175 [FXGL Background Thread 3 ] DEBUG Engine               - soundNotification: core/notification.wav
13:29:04.175 [FXGL Background Thread 3 ] DEBUG Engine               - stageStyle: DECORATED
13:29:04.175 [FXGL Background Thread 3 ] DEBUG Engine               - supportedLanguages: [ENGLISH, FRENCH, GERMAN, HUNGARIAN, RUSSIAN]
13:29:04.176 [FXGL Background Thread 3 ] DEBUG Engine               - ticksPerSecond: -1
13:29:04.176 [FXGL Background Thread 3 ] DEBUG Engine               - title: Untitled
13:29:04.176 [FXGL Background Thread 3 ] DEBUG Engine               - urlGithub: https://github.com/AlmasB/FXGL
13:29:04.176 [FXGL Background Thread 3 ] DEBUG Engine               - urlLeaderboard: http://fxgl-top.herokuapp.com/
13:29:04.176 [FXGL Background Thread 3 ] DEBUG Engine               - urlPOM: https://raw.githubusercontent.com/AlmasB/FXGL/release/README.md
13:29:04.177 [FXGL Background Thread 3 ] DEBUG Engine               - userAppClass: class com.game.projectoop.App
13:29:04.177 [FXGL Background Thread 3 ] DEBUG Engine               - version: 0.0
13:29:04.177 [FXGL Background Thread 3 ] DEBUG Engine               - versionCheckDays: 7
13:29:04.177 [FXGL Background Thread 3 ] DEBUG Engine               - width: 800
13:29:04.177 [FXGL Background Thread 3 ] DEBUG Engine               - Logging services
13:29:04.178 [FXGL Background Thread 3 ] DEBUG Engine               - class com.almasb.fxgl.app.services.FXGLAssetLoaderService
13:29:04.178 [FXGL Background Thread 3 ] DEBUG Engine               - class com.almasb.fxgl.app.FXGLApplication$GameApplicationService
13:29:04.178 [FXGL Background Thread 3 ] DEBUG Engine               - class com.almasb.fxgl.app.services.FXGLDialogService
13:29:04.178 [FXGL Background Thread 3 ] DEBUG Engine               - class com.almasb.fxgl.app.services.IOTaskExecutorService
13:29:04.179 [FXGL Background Thread 3 ] DEBUG Engine               - class com.almasb.fxgl.io.FileSystemService
13:29:04.179 [FXGL Background Thread 3 ] DEBUG Engine               - class com.almasb.fxgl.localization.LocalizationService
13:29:04.179 [FXGL Background Thread 3 ] DEBUG Engine               - class com.almasb.fxgl.app.services.SystemBundleService
13:29:04.179 [FXGL Background Thread 3 ] DEBUG Engine               - class com.almasb.fxgl.profile.SaveLoadService
13:29:04.180 [FXGL Background Thread 3 ] DEBUG Engine               - class com.almasb.fxgl.ui.FXGLUIFactoryServiceProvider
13:29:04.180 [FXGL Background Thread 3 ] DEBUG Engine               - class com.almasb.fxgl.ui.FXGLDialogFactoryServiceProvider
13:29:04.180 [FXGL Background Thread 3 ] DEBUG Engine               - class com.almasb.fxgl.audio.AudioPlayer
13:29:04.180 [FXGL Background Thread 3 ] DEBUG Engine               - class com.almasb.fxgl.notification.impl.NotificationServiceProvider
13:29:04.180 [FXGL Background Thread 3 ] DEBUG Engine               - class com.almasb.fxgl.achievement.AchievementService
13:29:04.180 [FXGL Background Thread 3 ] DEBUG Engine               - class com.almasb.fxgl.cutscene.CutsceneService
13:29:04.181 [FXGL Background Thread 3 ] DEBUG Engine               - class com.almasb.fxgl.minigames.MiniGameService
13:29:04.181 [FXGL Background Thread 3 ] DEBUG Engine               - class com.almasb.fxgl.net.NetService
13:29:04.181 [FXGL Background Thread 3 ] DEBUG Engine               - class com.almasb.fxgl.app.services.UpdaterService
13:29:04.181 [FXGL Background Thread 3 ] DEBUG Engine               - class com.almasb.fxgl.dev.DevService
13:29:05.111 [JavaFX Application Thread] DEBUG FXGLApplication      - Exiting FXGL
13:29:05.111 [JavaFX Application Thread] DEBUG LoopRunner           - Stopping loop
13:29:05.113 [JavaFX Application Thread] DEBUG SystemBundleService  - Saving FXGL system data
13:29:05.117 [JavaFX Application Thread] DEBUG FileSystemAccess     - Writing to: C:\Users\Daniele Teli\Documents\ProjectOOP\system\fxgl.bundle
13:29:05.120 [JavaFX Application Thread] DEBUG Async                - Shutting down background threads
13:29:05.121 [JavaFX Application Thread] DEBUG PrimaryStageWindow   - Closing main window
13:29:05.156 [JavaFX Application Thread] DEBUG Logger               - Closing Logger
