13:25:49.599 [main                     ] DEBUG Logger               - Configured Logger
13:25:49.671 [main                     ] DEBUG GameApplication      - Logging settings
Title: Untitled
Version: 0.0
Width: 800
Height: 600
Fullscreen: false
Intro: false
Profiling: false
Single step:false
App Mode: DEVELOPER
Menu Key: ESCAPE
Stage Style: DECORATED
Scene Factory: class com.game.projectoop.App$1

13:25:50.421 [JavaFX Application Thread] DEBUG FXGLApplication      - Initializing FXGL
13:25:50.435 [JavaFX Application Thread] INFO  Engine               - FXGL-17.2 (20.08.2022 16.50) on WINDOWS (J:17.0.6 FX:17.0.2-ea)
13:25:50.436 [JavaFX Application Thread] DEBUG Engine               - JRE Vendor Name: Oracle Corporation
13:25:50.437 [JavaFX Application Thread] DEBUG Engine               - Running on OS: Windows 10 version 10.0
13:25:50.437 [JavaFX Application Thread] DEBUG Engine               - Architecture: amd64
13:25:50.437 [JavaFX Application Thread] INFO  Engine               - Source code and latest versions at: https://github.com/AlmasB/FXGL
13:25:50.438 [JavaFX Application Thread] INFO  Engine               -       Ask questions and discuss at: https://github.com/AlmasB/FXGL/discussions
13:25:50.438 [JavaFX Application Thread] INFO  Engine               -              Join the FXGL chat at: https://gitter.im/AlmasB/FXGL
13:25:50.657 [JavaFX Application Thread] DEBUG PrimaryStageWindow   - Creating a JavaFX scene
13:25:50.755 [JavaFX Application Thread] DEBUG PrimaryStageWindow   - Target settings size: 800.0 x 600.0
13:25:50.756 [JavaFX Application Thread] DEBUG PrimaryStageWindow   - Scaled scene size:    800.0 x 600.0
13:25:50.757 [JavaFX Application Thread] DEBUG PrimaryStageWindow   - Scaled ratio: (1.0, 1.0)
13:25:50.760 [JavaFX Application Thread] DEBUG PrimaryStageWindow   - Set initial scene to FXGLStartupScene
13:25:50.773 [JavaFX Application Thread] DEBUG PrimaryStageWindow   - Opening main window
13:25:50.966 [JavaFX Application Thread] DEBUG PrimaryStageWindow   - Window border size: (14.4000244140625, 37.5999755859375)
13:25:50.967 [JavaFX Application Thread] DEBUG PrimaryStageWindow   - Scaled size: 800.0 x 600.0
13:25:50.968 [JavaFX Application Thread] DEBUG PrimaryStageWindow   - Scaled ratio: (1.0, 1.0)
13:25:50.969 [JavaFX Application Thread] DEBUG PrimaryStageWindow   - Scene size: 800.0 x 600.0
13:25:50.970 [JavaFX Application Thread] DEBUG PrimaryStageWindow   - Stage size: 814.4000244140625 x 637.5999755859375
13:25:50.991 [FXGL Background Thread 1 ] DEBUG Engine               - Initializing environment variables
13:25:51.073 [FXGL Background Thread 1 ] DEBUG FXGLAssetLoaderServi - User app class for loading assets: class com.game.projectoop.App
13:25:51.074 [FXGL Background Thread 1 ] DEBUG GameApplicationServi - Applying CSS: fxgl_dark.css
13:25:51.076 [FXGL Background Thread 1 ] DEBUG FXGLAssetLoaderServi - Loading from file system: jar:file:///C:/Users/Daniele%20Teli/.gradle/caches/modules-2/files-2.1/com.github.almasb/fxgl/17.2/35db6ae960eec2dcfd19262d3b7f9c42f0e95bc3/fxgl-17.2.jar!/fxglassets/ui/css/fxgl_dark.css
13:25:51.196 [FXGL Background Thread 1 ] DEBUG GameApplicationServi - Initializing application scenes
13:25:51.336 [FXGL Background Thread 1 ] DEBUG GameWorld            - Game world initialized
13:25:51.461 [FXGL Background Thread 1 ] DEBUG PhysicsWorld         - Physics world initialized: appHeight=600, physics.ppm=50.0
13:25:51.462 [FXGL Background Thread 1 ] DEBUG PhysicsWorld         - Using strategy: BRUTE_FORCE
13:25:51.472 [FXGL Background Thread 1 ] DEBUG GameScene            - Game scene initialized: 800x600
13:25:51.497 [FXGL Background Thread 1 ] DEBUG FXGL.DefaultMenu     - createMenuBodyGameMenu()
13:25:51.556 [FXGL Background Thread 1 ] DEBUG FXGL.DefaultMenu     - createOptionsMenu()
13:25:51.593 [FXGL Background Thread 1 ] DEBUG FXGLAssetLoaderServi - Loading from file system: jar:file:///C:/Users/Daniele%20Teli/.gradle/caches/modules-2/files-2.1/com.github.almasb/fxgl/17.2/35db6ae960eec2dcfd19262d3b7f9c42f0e95bc3/fxgl-17.2.jar!/fxglassets/textures/particles/smoke.png
13:25:51.838 [FXGL Background Thread 1 ] DEBUG FXGLAssetLoaderServi - Loading from file system: jar:file:///C:/Users/Daniele%20Teli/.gradle/caches/modules-2/files-2.1/com.github.almasb/fxgl/17.2/35db6ae960eec2dcfd19262d3b7f9c42f0e95bc3/fxgl-17.2.jar!/fxglassets/textures/particles/trace_horizontal.png
13:25:51.914 [FXGL Background Thread 1 ] DEBUG GameApplicationServi - Application scenes initialized
13:25:51.948 [FXGL Background Thread 1 ] DEBUG SystemBundleService  - Loading FXGL system data
13:25:51.957 [FXGL Background Thread 1 ] DEBUG FileSystemAccess     - Reading from: C:\Users\Daniele Teli\Documents\ProjectOOP\system\fxgl.bundle
13:25:51.973 [FXGL Background Thread 1 ] DEBUG SystemBundleService  - Bundle FXGL: {}
13:25:51.974 [FXGL Background Thread 1 ] DEBUG UpdaterService       - Checking for updates
13:25:51.988 [FXGL Background Thread 4 ] DEBUG FXGLApplication      - Loading fonts
13:25:51.989 [FXGL Background Thread 4 ] DEBUG FXGLAssetLoaderServi - Loading from file system: jar:file:///C:/Users/Daniele%20Teli/.gradle/caches/modules-2/files-2.1/com.github.almasb/fxgl/17.2/35db6ae960eec2dcfd19262d3b7f9c42f0e95bc3/fxgl-17.2.jar!/fxglassets/ui/fonts/VarelaRound-Regular.ttf
13:25:51.990 [FXGL Background Thread 1 ] DEBUG FXGLApplication      - Loading default localization
13:25:51.992 [FXGL Background Thread 1 ] DEBUG FXGLAssetLoaderServi - Loading from file system: jar:file:///C:/Users/Daniele%20Teli/.gradle/caches/modules-2/files-2.1/com.github.almasb/fxgl/17.2/35db6ae960eec2dcfd19262d3b7f9c42f0e95bc3/fxgl-17.2.jar!/fxglassets/languages/english.lang
13:25:52.033 [FXGL Background Thread 1 ] INFO  FXGLApplication      - FXGL initialization took: 1.041 sec
13:25:52.035 [JavaFX Application Thread] DEBUG FXGLAssetLoaderServi - Loading from file system: jar:file:///C:/Users/Daniele%20Teli/.gradle/caches/modules-2/files-2.1/com.github.almasb/fxgl/17.2/35db6ae960eec2dcfd19262d3b7f9c42f0e95bc3/fxgl-17.2.jar!/fxglassets/textures/fxgl_icon.png
13:25:52.053 [JavaFX Application Thread] DEBUG FXGLAssetLoaderServi - Loading from file system: jar:file:///C:/Users/Daniele%20Teli/.gradle/caches/modules-2/files-2.1/com.github.almasb/fxgl/17.2/35db6ae960eec2dcfd19262d3b7f9c42f0e95bc3/fxgl-17.2.jar!/fxglassets/textures/fxgl_default_cursor.png
13:25:52.071 [JavaFX Application Thread] DEBUG Input                - Registered new binding: Screenshot - CTRL+8
13:25:52.072 [JavaFX Application Thread] DEBUG Input                - Registered new binding: System info dump - CTRL+9
13:25:52.073 [JavaFX Application Thread] DEBUG Input                - Registered new binding: Restart - CTRL+R
13:25:52.075 [JavaFX Application Thread] DEBUG Input                - Registered new binding: Toggle Debug Camera - CTRL+7
13:25:52.077 [JavaFX Application Thread] DEBUG LoopRunner           - Starting loop
13:25:52.077 [JavaFX Application Thread] DEBUG LoopRunner           - Initializing JavaFX AnimationTimerLoop
13:25:52.078 [JavaFX Application Thread] DEBUG GameApplicationServi - Starting new game
13:25:52.079 [JavaFX Application Thread] DEBUG Input                - Clearing active input actions
13:25:52.089 [JavaFX Application Thread] DEBUG GameApplicationServi - Removing overlay from FXGLStartupScene and adding to MainLoadingScene
13:25:52.089 [JavaFX Application Thread] DEBUG PrimaryStageWindow   - FXGLStartupScene -> MainLoadingScene
13:25:52.089 [JavaFX Application Thread] DEBUG GameApplicationServi - Clearing previous game
13:25:52.089 [JavaFX Application Thread] DEBUG GameScene            - Clearing game scene
13:25:52.089 [JavaFX Application Thread] DEBUG GameWorld            - Clearing game world
13:25:52.089 [JavaFX Application Thread] DEBUG PhysicsWorld         - Clearing physics world
13:25:52.092 [FXGL Background Thread 1 ] DEBUG FXGLApplication      - Initializing game
13:25:52.106 [FXGL Background Thread 1 ] WARN  FXGLAssetLoaderServi - Asset "/assets/textures/background/forest.png" was not found!
13:25:52.107 [FXGL Background Thread 1 ] WARN  FXGLAssetLoaderServi - Failed to load IMAGE
13:25:52.200 [FXGL Background Thread 4 ] DEBUG FXGLAssetLoaderServi - Loading from file system: jar:file:///C:/Users/Daniele%20Teli/.gradle/caches/modules-2/files-2.1/com.github.almasb/fxgl/17.2/35db6ae960eec2dcfd19262d3b7f9c42f0e95bc3/fxgl-17.2.jar!/fxglassets/ui/fonts/Abel-Regular.ttf
13:25:52.207 [FXGL Background Thread 4 ] DEBUG FXGLAssetLoaderServi - Loading from file system: jar:file:///C:/Users/Daniele%20Teli/.gradle/caches/modules-2/files-2.1/com.github.almasb/fxgl/17.2/35db6ae960eec2dcfd19262d3b7f9c42f0e95bc3/fxgl-17.2.jar!/fxglassets/ui/fonts/TerminalLandMono-Regular.otf
13:25:52.216 [FXGL Background Thread 4 ] DEBUG FXGLAssetLoaderServi - Loading from file system: jar:file:///C:/Users/Daniele%20Teli/.gradle/caches/modules-2/files-2.1/com.github.almasb/fxgl/17.2/35db6ae960eec2dcfd19262d3b7f9c42f0e95bc3/fxgl-17.2.jar!/fxglassets/ui/fonts/Courier-Prime.ttf
13:25:52.232 [JavaFX Application Thread] DEBUG FXGLApplication      - Registering font factories with UI factory
13:25:52.627 [FXGL Background Thread 2 ] INFO  UpdaterService       - Your current version:  17.2
13:25:52.628 [FXGL Background Thread 2 ] INFO  UpdaterService       - Latest stable version: 17.3
13:25:54.983 [FXGL Background Thread 3 ] DEBUG Engine               - Logging environment variables
13:25:54.984 [FXGL Background Thread 3 ] DEBUG Engine               - achievements: []
13:25:54.985 [FXGL Background Thread 3 ] DEBUG Engine               - actualHeight: 600.0
13:25:54.985 [FXGL Background Thread 3 ] DEBUG Engine               - actualHeightProperty: ReadOnlyDoubleProperty [value: 600.0]
13:25:54.985 [FXGL Background Thread 3 ] DEBUG Engine               - actualWidth: 800.0
13:25:54.985 [FXGL Background Thread 3 ] DEBUG Engine               - actualWidthProperty: ReadOnlyDoubleProperty [value: 800.0]
13:25:54.986 [FXGL Background Thread 3 ] DEBUG Engine               - appIcon: fxgl_icon.png
13:25:54.986 [FXGL Background Thread 3 ] DEBUG Engine               - applicationMode: DEVELOPER
13:25:54.986 [FXGL Background Thread 3 ] DEBUG Engine               - cSSList: [fxgl_dark.css]
13:25:54.986 [FXGL Background Thread 3 ] DEBUG Engine               - collisionDetectionStrategy: BRUTE_FORCE
13:25:54.986 [FXGL Background Thread 3 ] DEBUG Engine               - configClass: Optional.empty
13:25:54.986 [FXGL Background Thread 3 ] DEBUG Engine               - credits: []
13:25:54.987 [FXGL Background Thread 3 ] DEBUG Engine               - defaultCursor: CursorInfo(imageName=fxgl_default_cursor.png, hotspotX=7.0, hotspotY=6.0)
13:25:54.988 [FXGL Background Thread 3 ] DEBUG Engine               - devBBoxColorProperty: ObjectProperty [value: 0xff0000ff]
13:25:54.988 [FXGL Background Thread 3 ] DEBUG Engine               - devEnableDebugCameraProperty: BooleanProperty [value: false]
13:25:54.988 [FXGL Background Thread 3 ] DEBUG Engine               - devSensorColorProperty: ObjectProperty [value: 0xffff00ff]
13:25:54.988 [FXGL Background Thread 3 ] DEBUG Engine               - devShowBBoxProperty: BooleanProperty [value: false]
13:25:54.989 [FXGL Background Thread 3 ] DEBUG Engine               - devShowPositionProperty: BooleanProperty [value: false]
13:25:54.989 [FXGL Background Thread 3 ] DEBUG Engine               - enabledMenuItems: []
13:25:54.989 [FXGL Background Thread 3 ] DEBUG Engine               - engineServices: [class com.almasb.fxgl.app.services.FXGLAssetLoaderService, class com.almasb.fxgl.app.FXGLApplication$GameApplicationService, class com.almasb.fxgl.app.services.FXGLDialogService, class com.almasb.fxgl.app.services.IOTaskExecutorService, class com.almasb.fxgl.io.FileSystemService, class com.almasb.fxgl.localization.LocalizationService, class com.almasb.fxgl.app.services.SystemBundleService, class com.almasb.fxgl.profile.SaveLoadService, class com.almasb.fxgl.ui.FXGLUIFactoryServiceProvider, class com.almasb.fxgl.ui.FXGLDialogFactoryServiceProvider, class com.almasb.fxgl.audio.AudioPlayer, class com.almasb.fxgl.notification.impl.NotificationServiceProvider, class com.almasb.fxgl.achievement.AchievementService, class com.almasb.fxgl.cutscene.CutsceneService, class com.almasb.fxgl.minigames.MiniGameService, class com.almasb.fxgl.net.NetService, class com.almasb.fxgl.app.services.UpdaterService, class com.almasb.fxgl.dev.DevService]
13:25:54.990 [FXGL Background Thread 3 ] DEBUG Engine               - fontGame: Abel-Regular.ttf
13:25:54.990 [FXGL Background Thread 3 ] DEBUG Engine               - fontMono: TerminalLandMono-Regular.otf
13:25:54.990 [FXGL Background Thread 3 ] DEBUG Engine               - fontText: Courier-Prime.ttf
13:25:54.990 [FXGL Background Thread 3 ] DEBUG Engine               - fontUI: VarelaRound-Regular.ttf
13:25:54.990 [FXGL Background Thread 3 ] DEBUG Engine               - fullScreen: BooleanProperty [value: false]
13:25:54.991 [FXGL Background Thread 3 ] DEBUG Engine               - gameDifficulty: MEDIUM
13:25:54.991 [FXGL Background Thread 3 ] DEBUG Engine               - gameDifficultyProperty: ObjectProperty [value: MEDIUM]
13:25:54.991 [FXGL Background Thread 3 ] DEBUG Engine               - globalMusicVolume: 0.5
13:25:54.991 [FXGL Background Thread 3 ] DEBUG Engine               - globalMusicVolumeProperty: DoubleProperty [value: 0.5]
13:25:54.992 [FXGL Background Thread 3 ] DEBUG Engine               - globalSoundVolume: 0.5
13:25:54.992 [FXGL Background Thread 3 ] DEBUG Engine               - globalSoundVolumeProperty: DoubleProperty [value: 0.5]
13:25:54.992 [FXGL Background Thread 3 ] DEBUG Engine               - height: 600
13:25:54.993 [FXGL Background Thread 3 ] DEBUG Engine               - is3D: false
13:25:54.993 [FXGL Background Thread 3 ] DEBUG Engine               - isAndroid: false
13:25:54.993 [FXGL Background Thread 3 ] DEBUG Engine               - isBrowser: false
13:25:54.994 [FXGL Background Thread 3 ] DEBUG Engine               - isClickFeedbackEnabled: false
13:25:54.994 [FXGL Background Thread 3 ] DEBUG Engine               - isCloseConfirmation: false
13:25:54.994 [FXGL Background Thread 3 ] DEBUG Engine               - isDesktop: true
13:25:54.994 [FXGL Background Thread 3 ] DEBUG Engine               - isDeveloperMenuEnabled: false
13:25:54.994 [FXGL Background Thread 3 ] DEBUG Engine               - isEmbedded: false
13:25:54.995 [FXGL Background Thread 3 ] DEBUG Engine               - isEntityPreloadEnabled: true
13:25:54.995 [FXGL Background Thread 3 ] DEBUG Engine               - isExperimentalTiledLargeMap: false
13:25:54.995 [FXGL Background Thread 3 ] DEBUG Engine               - isFileSystemWriteAllowed: true
13:25:54.995 [FXGL Background Thread 3 ] DEBUG Engine               - isFullScreenAllowed: false
13:25:54.996 [FXGL Background Thread 3 ] DEBUG Engine               - isFullScreenFromStart: false
13:25:54.996 [FXGL Background Thread 3 ] DEBUG Engine               - isGameMenuEnabled: true
13:25:54.996 [FXGL Background Thread 3 ] DEBUG Engine               - isIOS: false
13:25:54.996 [FXGL Background Thread 3 ] DEBUG Engine               - isIntroEnabled: false
13:25:54.997 [FXGL Background Thread 3 ] DEBUG Engine               - isLinux: false
13:25:54.997 [FXGL Background Thread 3 ] DEBUG Engine               - isMac: false
13:25:54.997 [FXGL Background Thread 3 ] DEBUG Engine               - isMainMenuEnabled: false
13:25:54.997 [FXGL Background Thread 3 ] DEBUG Engine               - isManualResizeEnabled: false
13:25:54.998 [FXGL Background Thread 3 ] DEBUG Engine               - isMobile: false
13:25:54.998 [FXGL Background Thread 3 ] DEBUG Engine               - isNative: false
13:25:54.998 [FXGL Background Thread 3 ] DEBUG Engine               - isPauseMusicWhenMinimized: true
13:25:54.998 [FXGL Background Thread 3 ] DEBUG Engine               - isPreserveResizeRatio: false
13:25:54.999 [FXGL Background Thread 3 ] DEBUG Engine               - isProfilingEnabled: false
13:25:54.999 [FXGL Background Thread 3 ] DEBUG Engine               - isScaleAffectedOnResize: true
13:25:54.999 [FXGL Background Thread 3 ] DEBUG Engine               - isSingleStep: false
13:25:54.999 [FXGL Background Thread 3 ] DEBUG Engine               - isUserProfileEnabled: false
13:25:55.000 [FXGL Background Thread 3 ] DEBUG Engine               - isWindows: true
13:25:55.000 [FXGL Background Thread 3 ] DEBUG Engine               - language: ObjectProperty [value: ENGLISH]
13:25:55.000 [FXGL Background Thread 3 ] DEBUG Engine               - menuKey: ESCAPE
13:25:55.000 [FXGL Background Thread 3 ] DEBUG Engine               - mouseSensitivity: 0.2
13:25:55.001 [FXGL Background Thread 3 ] DEBUG Engine               - notificationViewClass: class com.almasb.fxgl.notification.view.XboxNotificationView
13:25:55.001 [FXGL Background Thread 3 ] DEBUG Engine               - pixelsPerMeter: 50.0
13:25:55.001 [FXGL Background Thread 3 ] DEBUG Engine               - platform: WINDOWS
13:25:55.001 [FXGL Background Thread 3 ] DEBUG Engine               - prefHeightProperty: ReadOnlyDoubleProperty [value: 600.0]
13:25:55.002 [FXGL Background Thread 3 ] DEBUG Engine               - prefWidthProperty: ReadOnlyDoubleProperty [value: 800.0]
13:25:55.002 [FXGL Background Thread 3 ] DEBUG Engine               - profileDir: profiles/
13:25:55.002 [FXGL Background Thread 3 ] DEBUG Engine               - profileName: StringProperty [value: DEFAULT]
13:25:55.002 [FXGL Background Thread 3 ] DEBUG Engine               - randomSeed: -1
13:25:55.003 [FXGL Background Thread 3 ] DEBUG Engine               - runtimeInfo: RuntimeInfo(platform=WINDOWS, version=17.2, build=20.08.2022 16.50)
13:25:55.004 [FXGL Background Thread 3 ] DEBUG Engine               - saveFileExt: sav
13:25:55.004 [FXGL Background Thread 3 ] DEBUG Engine               - scaledHeightProp$fxgl: DoubleProperty [bound, value: 600.0]
13:25:55.004 [FXGL Background Thread 3 ] DEBUG Engine               - scaledWidthProp$fxgl: DoubleProperty [bound, value: 800.0]
13:25:55.004 [FXGL Background Thread 3 ] DEBUG Engine               - sceneFactory: com.game.projectoop.App$1@1725c8f8
13:25:55.005 [FXGL Background Thread 3 ] DEBUG Engine               - secondsIn24h: 60
13:25:55.005 [FXGL Background Thread 3 ] DEBUG Engine               - soundMenuBack: menu/back.wav
13:25:55.005 [FXGL Background Thread 3 ] DEBUG Engine               - soundMenuPress: menu/press.wav
13:25:55.005 [FXGL Background Thread 3 ] DEBUG Engine               - soundMenuSelect: menu/select.wav
13:25:55.005 [FXGL Background Thread 3 ] DEBUG Engine               - soundNotification: core/notification.wav
13:25:55.006 [FXGL Background Thread 3 ] DEBUG Engine               - stageStyle: DECORATED
13:25:55.006 [FXGL Background Thread 3 ] DEBUG Engine               - supportedLanguages: [ENGLISH, FRENCH, GERMAN, HUNGARIAN, RUSSIAN]
13:25:55.006 [FXGL Background Thread 3 ] DEBUG Engine               - ticksPerSecond: -1
13:25:55.006 [FXGL Background Thread 3 ] DEBUG Engine               - title: Untitled
13:25:55.006 [FXGL Background Thread 3 ] DEBUG Engine               - urlGithub: https://github.com/AlmasB/FXGL
13:25:55.006 [FXGL Background Thread 3 ] DEBUG Engine               - urlLeaderboard: http://fxgl-top.herokuapp.com/
13:25:55.007 [FXGL Background Thread 3 ] DEBUG Engine               - urlPOM: https://raw.githubusercontent.com/AlmasB/FXGL/release/README.md
13:25:55.007 [FXGL Background Thread 3 ] DEBUG Engine               - userAppClass: class com.game.projectoop.App
13:25:55.007 [FXGL Background Thread 3 ] DEBUG Engine               - version: 0.0
13:25:55.007 [FXGL Background Thread 3 ] DEBUG Engine               - versionCheckDays: 7
13:25:55.007 [FXGL Background Thread 3 ] DEBUG Engine               - width: 800
13:25:55.008 [FXGL Background Thread 3 ] DEBUG Engine               - Logging services
13:25:55.008 [FXGL Background Thread 3 ] DEBUG Engine               - class com.almasb.fxgl.app.services.FXGLAssetLoaderService
13:25:55.008 [FXGL Background Thread 3 ] DEBUG Engine               - class com.almasb.fxgl.app.FXGLApplication$GameApplicationService
13:25:55.008 [FXGL Background Thread 3 ] DEBUG Engine               - class com.almasb.fxgl.app.services.FXGLDialogService
13:25:55.008 [FXGL Background Thread 3 ] DEBUG Engine               - class com.almasb.fxgl.app.services.IOTaskExecutorService
13:25:55.009 [FXGL Background Thread 3 ] DEBUG Engine               - class com.almasb.fxgl.io.FileSystemService
13:25:55.009 [FXGL Background Thread 3 ] DEBUG Engine               - class com.almasb.fxgl.localization.LocalizationService
13:25:55.009 [FXGL Background Thread 3 ] DEBUG Engine               - class com.almasb.fxgl.app.services.SystemBundleService
13:25:55.009 [FXGL Background Thread 3 ] DEBUG Engine               - class com.almasb.fxgl.profile.SaveLoadService
13:25:55.010 [FXGL Background Thread 3 ] DEBUG Engine               - class com.almasb.fxgl.ui.FXGLUIFactoryServiceProvider
13:25:55.010 [FXGL Background Thread 3 ] DEBUG Engine               - class com.almasb.fxgl.ui.FXGLDialogFactoryServiceProvider
13:25:55.010 [FXGL Background Thread 3 ] DEBUG Engine               - class com.almasb.fxgl.audio.AudioPlayer
13:25:55.010 [FXGL Background Thread 3 ] DEBUG Engine               - class com.almasb.fxgl.notification.impl.NotificationServiceProvider
13:25:55.010 [FXGL Background Thread 3 ] DEBUG Engine               - class com.almasb.fxgl.achievement.AchievementService
13:25:55.010 [FXGL Background Thread 3 ] DEBUG Engine               - class com.almasb.fxgl.cutscene.CutsceneService
13:25:55.011 [FXGL Background Thread 3 ] DEBUG Engine               - class com.almasb.fxgl.minigames.MiniGameService
13:25:55.011 [FXGL Background Thread 3 ] DEBUG Engine               - class com.almasb.fxgl.net.NetService
13:25:55.011 [FXGL Background Thread 3 ] DEBUG Engine               - class com.almasb.fxgl.app.services.UpdaterService
13:25:55.011 [FXGL Background Thread 3 ] DEBUG Engine               - class com.almasb.fxgl.dev.DevService
13:26:04.610 [JavaFX Application Thread] DEBUG FXGLApplication      - Exiting FXGL
13:26:04.610 [JavaFX Application Thread] DEBUG LoopRunner           - Stopping loop
13:26:04.610 [JavaFX Application Thread] DEBUG SystemBundleService  - Saving FXGL system data
13:26:04.615 [JavaFX Application Thread] DEBUG FileSystemAccess     - Writing to: C:\Users\Daniele Teli\Documents\ProjectOOP\system\fxgl.bundle
13:26:04.619 [JavaFX Application Thread] DEBUG Async                - Shutting down background threads
13:26:04.620 [JavaFX Application Thread] DEBUG PrimaryStageWindow   - Closing main window
13:26:04.657 [JavaFX Application Thread] DEBUG Logger               - Closing Logger
